[INFO ] 2021-03-09 23:19:30.738 [TestNG-test=Regression1-1] CRM_LoginPage - Current Step ::Setting Up environment
[INFO ] 2021-03-09 23:19:30.738 [TestNG-test=Regression1-2] CRM_LoginPage - Current Step ::Setting Up environment
[INFO ] 2021-03-09 23:19:30.738 [TestNG-test=Regression1-3] CRM_LoginPage - Current Step ::Setting Up environment
[INFO ] 2021-03-09 23:19:41.360 [TestNG-test=Regression1-2] CRM_LoginPage - Current Step ::Clicking On SignUp Link 
[DEBUG] 2021-03-09 23:19:42.224 [TestNG-test=Regression1-3] CRM_LoginPage - Current Step ::Storing all CRM DropDown Elements To List And Comparing
[INFO ] 2021-03-09 23:19:43.069 [TestNG-test=Regression1-3] CRM_LoginPage - Current Step ::Closing environment
[DEBUG] 2021-03-09 23:19:43.301 [TestNG-test=Regression1-1] CRM_LoginPage - Current Step ::Clicking on About Us Link
[INFO ] 2021-03-09 23:19:44.263 [TestNG-test=Regression1-3] CRM_LoginPage - Current Step ::Setting Up environment
[INFO ] 2021-03-09 23:19:44.703 [TestNG-test=Regression1-1] CRM_LoginPage - Current Step ::Closing environment
[INFO ] 2021-03-09 23:19:44.967 [TestNG-test=Regression1-2] CRM_LoginPage - Current Step ::Closing environment
[INFO ] 2021-03-09 23:19:46.461 [TestNG-test=Regression1-1] CRM_LoginPage - Current Step ::Setting Up environment
[INFO ] 2021-03-09 23:19:46.637 [TestNG-test=Regression1-2] CRM_LoginPage - Current Step ::Setting Up environment
[DEBUG] 2021-03-09 23:19:53.978 [TestNG-test=Regression1-3] CRM_LoginPage - Current Step ::Storing all App DropDown Elements To List And Comparing
[INFO ] 2021-03-09 23:19:54.210 [TestNG-test=Regression1-3] CRM_LoginPage - Current Step ::Closing environment
[INFO ] 2021-03-09 23:19:55.265 [TestNG-test=Regression1-3] CRM_LoginPage - Current Step ::Setting Up environment
[DEBUG] 2021-03-09 23:19:56.475 [TestNG-test=Regression1-1] CRM_LoginPage - Current Step ::Storing all App DropDown Elements To List And Comparing
[DEBUG] 2021-03-09 23:19:56.483 [TestNG-test=Regression1-2] CRM_LoginPage - Current Step ::Storing all App DropDown Elements To List And Comparing
[DEBUG] 2021-03-09 23:19:56.995 [TestNG-test=Regression1-1] CRM_LoginPage - Current Step ::Clicking on Apps Toggle
[DEBUG] 2021-03-09 23:19:57.019 [TestNG-test=Regression1-2] CRM_LoginPage - Clicking on Apps Toggle
[DEBUG] 2021-03-09 23:19:57.075 [TestNG-test=Regression1-1] CRM_LoginPage - Current Step ::Clicking On Android
[DEBUG] 2021-03-09 23:19:57.099 [TestNG-test=Regression1-2] CRM_LoginPage - Current Step ::Clicking On IOS
[INFO ] 2021-03-09 23:19:58.135 [TestNG-test=Regression1-1] CRM_LoginPage - Current Step ::Closing environment
[INFO ] 2021-03-09 23:20:01.941 [TestNG-test=Regression1-2] CRM_LoginPage - Current Step ::Closing environment
[INFO ] 2021-03-09 23:20:02.872 [TestNG-test=Regression1-2] CRM_LoginPage - Current Step ::Setting Up environment
[INFO ] 2021-03-09 23:20:02.896 [TestNG-PoolService-1] CRM_LoginPage - Current Step ::Setting Up environment
[INFO ] 2021-03-09 23:20:02.896 [TestNG-PoolService-0] CRM_LoginPage - Current Step ::Setting Up environment
[INFO ] 2021-03-09 23:20:02.896 [TestNG-PoolService-2] CRM_LoginPage - Current Step ::Setting Up environment
[DEBUG] 2021-03-09 23:20:06.641 [TestNG-test=Regression1-3] CRM_LoginPage - Current Step ::Clicking On Zoom Link
[DEBUG] 2021-03-09 23:20:16.798 [TestNG-test=Regression1-2] CRM_LoginPage - Current Step ::Clicking On SupportUs Link
[INFO ] 2021-03-09 23:20:16.998 [TestNG-PoolService-2] CRM_LoginPage - Current Step ::Navigating To LogIn Page
[INFO ] 2021-03-09 23:20:18.426 [TestNG-PoolService-1] CRM_LoginPage - Current Step ::Navigating To LogIn Page
[INFO ] 2021-03-09 23:20:18.821 [TestNG-PoolService-0] CRM_LoginPage - Current Step ::Navigating To LogIn Page
[DEBUG] 2021-03-09 23:20:24.116 [TestNG-PoolService-2] CRM_LoginPage - Current Step ::Entering UserName
[DEBUG] 2021-03-09 23:20:24.444 [TestNG-PoolService-2] CRM_LoginPage - Current Step ::Entering Password
[DEBUG] 2021-03-09 23:20:25.315 [TestNG-PoolService-1] CRM_LoginPage - Current Step ::Entering UserName
[DEBUG] 2021-03-09 23:20:25.443 [TestNG-PoolService-1] CRM_LoginPage - Current Step ::Entering Password
[DEBUG] 2021-03-09 23:20:25.611 [TestNG-PoolService-0] CRM_LoginPage - Current Step ::Entering UserName
[DEBUG] 2021-03-09 23:20:25.811 [TestNG-PoolService-0] CRM_LoginPage - Current Step ::Entering Password
[INFO ] 2021-03-09 23:20:26.258 [TestNG-PoolService-2] CRM_LoginPage - Current Step ::Closing environment
[INFO ] 2021-03-09 23:20:26.587 [TestNG-test=Regression1-2] CRM_LoginPage - Current Step ::Closing environment
[INFO ] 2021-03-09 23:20:28.026 [TestNG-test=Regression1-3] CRM_LoginPage - Current Step ::Closing environment
[INFO ] 2021-03-09 23:20:28.216 [TestNG-test=Regression1-2] CRM_LoginPage - Current Step ::Setting Up environment
[INFO ] 2021-03-09 23:20:35.677 [TestNG-test=Regression1-2] CRM_LoginPage - Current Step ::Navigating To LogIn Page
[INFO ] 2021-03-09 23:20:42.080 [TestNG-test=Regression1-2] CRM_LoginPage - Current Step ::Checking Login Page Elements loaded or Not
[INFO ] 2021-03-09 23:20:42.385 [TestNG-test=Regression1-2] CRM_LoginPage - Current Step ::Closing environment
[INFO ] 2021-03-09 23:20:46.618 [TestNG-PoolService-1] CRM_LoginPage - Current Step ::Closing environment
[INFO ] 2021-03-09 23:20:47.186 [TestNG-PoolService-0] CRM_LoginPage - Current Step ::Closing environment
[INFO ] 2021-03-12 17:13:03.804 [TestNG-test=Regression1-3] CRM_LoginPage - Current Step ::Setting Up environment
[INFO ] 2021-03-12 17:13:03.804 [TestNG-test=Regression1-1] CRM_LoginPage - Current Step ::Setting Up environment
[INFO ] 2021-03-12 17:13:03.804 [TestNG-test=Regression1-2] CRM_LoginPage - Current Step ::Setting Up environment
[INFO ] 2021-03-12 17:13:23.826 [TestNG-test=Regression1-2] CRM_LoginPage - Current Step ::Clicking On SignUp Link 
[DEBUG] 2021-03-12 17:13:24.036 [TestNG-test=Regression1-3] CRM_LoginPage - Current Step ::Storing all CRM DropDown Elements To List And Comparing
[INFO ] 2021-03-12 17:13:26.565 [TestNG-test=Regression1-3] CRM_LoginPage - Current Step ::Closing environment
[DEBUG] 2021-03-12 17:13:31.604 [TestNG-test=Regression1-1] CRM_LoginPage - Current Step ::Clicking on About Us Link
[INFO ] 2021-03-12 22:35:10.514 [main] CRM_LoginPage - Current Step ::Setting Up environment
[DEBUG] 2021-03-12 22:35:17.860 [main] CRM_LoginPage - Current Step ::Clicking on About Us Link
[INFO ] 2021-03-12 22:35:17.876 [main] CRM_LoginPage - Current Step ::Closing environment
[INFO ] 2021-03-12 22:35:18.711 [main] CRM_LoginPage - Current Step ::Setting Up environment
[INFO ] 2021-03-12 22:35:24.474 [main] CRM_LoginPage - Current Step ::Clicking On SignUp Link 
[INFO ] 2021-03-12 22:35:24.482 [main] CRM_LoginPage - Current Step ::Closing environment
[INFO ] 2021-03-12 22:35:25.315 [main] CRM_LoginPage - Current Step ::Setting Up environment
[DEBUG] 2021-03-12 22:35:31.383 [main] CRM_LoginPage - Current Step ::Storing all CRM DropDown Elements To List And Comparing
[INFO ] 2021-03-12 22:35:31.383 [main] CRM_LoginPage - Current Step ::Closing environment
[INFO ] 2021-03-12 22:35:32.274 [main] CRM_LoginPage - Current Step ::Setting Up environment
[DEBUG] 2021-03-12 22:35:37.487 [main] CRM_LoginPage - Current Step ::Storing all App DropDown Elements To List And Comparing
[INFO ] 2021-03-12 22:35:37.495 [main] CRM_LoginPage - Current Step ::Closing environment
[INFO ] 2021-03-12 22:35:38.348 [main] CRM_LoginPage - Current Step ::Setting Up environment
[DEBUG] 2021-03-12 22:35:43.964 [main] CRM_LoginPage - Current Step ::Storing all App DropDown Elements To List And Comparing
[INFO ] 2021-03-12 22:35:43.964 [main] CRM_LoginPage - Current Step ::Closing environment
[INFO ] 2021-03-12 22:35:44.755 [main] CRM_LoginPage - Current Step ::Setting Up environment
[DEBUG] 2021-03-12 22:35:49.751 [main] CRM_LoginPage - Current Step ::Storing all App DropDown Elements To List And Comparing
[INFO ] 2021-03-12 22:35:49.751 [main] CRM_LoginPage - Current Step ::Closing environment
[INFO ] 2021-03-12 22:35:50.633 [main] CRM_LoginPage - Current Step ::Setting Up environment
[INFO ] 2021-03-12 22:35:56.093 [main] CRM_LoginPage - Current Step ::Closing environment
[INFO ] 2021-03-12 22:35:56.991 [main] CRM_LoginPage - Current Step ::Setting Up environment
[INFO ] 2021-03-12 22:36:02.561 [main] CRM_LoginPage - Current Step ::Closing environment
[INFO ] 2021-03-12 22:36:03.519 [TestNG-PoolService-2] CRM_LoginPage - Current Step ::Setting Up environment
[INFO ] 2021-03-12 22:36:03.519 [TestNG-PoolService-1] CRM_LoginPage - Current Step ::Setting Up environment
[INFO ] 2021-03-12 22:36:03.519 [TestNG-PoolService-0] CRM_LoginPage - Current Step ::Setting Up environment
[INFO ] 2021-03-12 22:36:17.491 [TestNG-PoolService-2] CRM_LoginPage - Current Step ::Navigating To LogIn Page
[INFO ] 2021-03-12 22:36:17.499 [TestNG-PoolService-2] CRM_LoginPage - Current Step ::Closing environment
[INFO ] 2021-03-12 22:36:17.926 [TestNG-PoolService-1] CRM_LoginPage - Current Step ::Navigating To LogIn Page
[INFO ] 2021-03-12 22:36:17.934 [TestNG-PoolService-1] CRM_LoginPage - Current Step ::Closing environment
[INFO ] 2021-03-12 22:36:18.262 [TestNG-PoolService-0] CRM_LoginPage - Current Step ::Navigating To LogIn Page
[INFO ] 2021-03-12 22:36:18.270 [TestNG-PoolService-0] CRM_LoginPage - Current Step ::Closing environment
[INFO ] 2021-03-12 22:36:19.345 [main] CRM_LoginPage - Current Step ::Setting Up environment
[INFO ] 2021-03-12 22:36:22.889 [main] CRM_LoginPage - Current Step ::Navigating To LogIn Page
[INFO ] 2021-03-12 22:36:22.889 [main] CRM_LoginPage - Current Step ::Closing environment
[INFO ] 2021-03-12 22:37:19.339 [main] CRM_LoginPage - Current Step ::Setting Up environment
[DEBUG] 2021-03-12 22:37:31.599 [main] CRM_LoginPage - Current Step ::Clicking on About Us Link
[INFO ] 2021-03-12 22:37:31.607 [main] CRM_LoginPage - Current Step ::Closing environment
[INFO ] 2021-03-12 22:37:32.445 [main] CRM_LoginPage - Current Step ::Setting Up environment
[INFO ] 2021-03-12 22:37:37.318 [main] CRM_LoginPage - Current Step ::Clicking On SignUp Link 
[INFO ] 2021-03-12 22:37:37.318 [main] CRM_LoginPage - Current Step ::Closing environment
[INFO ] 2021-03-12 22:37:38.254 [main] CRM_LoginPage - Current Step ::Setting Up environment
[DEBUG] 2021-03-12 22:37:44.816 [main] CRM_LoginPage - Current Step ::Storing all CRM DropDown Elements To List And Comparing
[INFO ] 2021-03-12 22:37:44.816 [main] CRM_LoginPage - Current Step ::Closing environment
[INFO ] 2021-03-12 22:37:45.742 [main] CRM_LoginPage - Current Step ::Setting Up environment
[DEBUG] 2021-03-12 22:37:51.593 [main] CRM_LoginPage - Current Step ::Storing all App DropDown Elements To List And Comparing
[INFO ] 2021-03-12 22:37:51.593 [main] CRM_LoginPage - Current Step ::Closing environment
[INFO ] 2021-03-12 22:37:52.387 [main] CRM_LoginPage - Current Step ::Setting Up environment
[DEBUG] 2021-03-12 22:37:58.103 [main] CRM_LoginPage - Current Step ::Storing all App DropDown Elements To List And Comparing
[INFO ] 2021-03-12 22:37:58.111 [main] CRM_LoginPage - Current Step ::Closing environment
[INFO ] 2021-03-12 22:37:58.953 [main] CRM_LoginPage - Current Step ::Setting Up environment
[DEBUG] 2021-03-12 22:38:04.322 [main] CRM_LoginPage - Current Step ::Storing all App DropDown Elements To List And Comparing
[INFO ] 2021-03-12 22:38:04.322 [main] CRM_LoginPage - Current Step ::Closing environment
[INFO ] 2021-03-12 22:38:05.164 [main] CRM_LoginPage - Current Step ::Setting Up environment
[INFO ] 2021-03-12 22:38:10.698 [main] CRM_LoginPage - Current Step ::Closing environment
[INFO ] 2021-03-12 22:38:11.482 [main] CRM_LoginPage - Current Step ::Setting Up environment
[INFO ] 2021-03-12 22:38:16.482 [main] CRM_LoginPage - Current Step ::Closing environment
[INFO ] 2021-03-12 22:38:17.286 [TestNG-PoolService-1] CRM_LoginPage - Current Step ::Setting Up environment
[INFO ] 2021-03-12 22:38:17.286 [TestNG-PoolService-0] CRM_LoginPage - Current Step ::Setting Up environment
[INFO ] 2021-03-12 22:38:17.286 [TestNG-PoolService-2] CRM_LoginPage - Current Step ::Setting Up environment
[INFO ] 2021-03-12 22:38:28.228 [TestNG-PoolService-2] CRM_LoginPage - Current Step ::Navigating To LogIn Page
[INFO ] 2021-03-12 22:38:28.236 [TestNG-PoolService-2] CRM_LoginPage - Current Step ::Closing environment
[INFO ] 2021-03-12 22:38:28.260 [TestNG-PoolService-0] CRM_LoginPage - Current Step ::Navigating To LogIn Page
[INFO ] 2021-03-12 22:38:28.260 [TestNG-PoolService-0] CRM_LoginPage - Current Step ::Closing environment
[INFO ] 2021-03-12 22:38:28.324 [TestNG-PoolService-1] CRM_LoginPage - Current Step ::Navigating To LogIn Page
[INFO ] 2021-03-12 22:38:28.332 [TestNG-PoolService-1] CRM_LoginPage - Current Step ::Closing environment
[INFO ] 2021-03-12 22:38:29.333 [main] CRM_LoginPage - Current Step ::Setting Up environment
[INFO ] 2021-03-12 22:38:35.079 [main] CRM_LoginPage - Current Step ::Navigating To LogIn Page
[INFO ] 2021-03-12 22:38:35.079 [main] CRM_LoginPage - Current Step ::Closing environment
[INFO ] 2021-03-12 22:48:25.856 [main] CRM_LoginPage - Current Step ::Setting Up environment
[DEBUG] 2021-03-12 22:48:32.779 [main] CRM_LoginPage - Current Step ::Clicking on About Us Link
[INFO ] 2021-03-12 22:48:32.795 [main] CRM_LoginPage - Current Step ::Closing environment
[INFO ] 2021-03-12 22:48:33.602 [main] CRM_LoginPage - Current Step ::Setting Up environment
[INFO ] 2021-03-12 22:48:39.308 [main] CRM_LoginPage - Current Step ::Clicking On SignUp Link 
[INFO ] 2021-03-12 22:48:39.308 [main] CRM_LoginPage - Current Step ::Closing environment
[INFO ] 2021-03-12 22:48:40.102 [main] CRM_LoginPage - Current Step ::Setting Up environment
[DEBUG] 2021-03-12 22:48:44.918 [main] CRM_LoginPage - Current Step ::Storing all CRM DropDown Elements To List And Comparing
[INFO ] 2021-03-12 22:48:44.918 [main] CRM_LoginPage - Current Step ::Closing environment
[INFO ] 2021-03-12 22:48:45.784 [main] CRM_LoginPage - Current Step ::Setting Up environment
[DEBUG] 2021-03-12 22:48:50.560 [main] CRM_LoginPage - Current Step ::Storing all App DropDown Elements To List And Comparing
[INFO ] 2021-03-12 22:48:50.560 [main] CRM_LoginPage - Current Step ::Closing environment
[INFO ] 2021-03-12 22:48:51.327 [main] CRM_LoginPage - Current Step ::Setting Up environment
[DEBUG] 2021-03-12 22:48:57.008 [main] CRM_LoginPage - Current Step ::Storing all App DropDown Elements To List And Comparing
[INFO ] 2021-03-12 22:48:57.008 [main] CRM_LoginPage - Current Step ::Closing environment
[INFO ] 2021-03-12 22:48:57.824 [main] CRM_LoginPage - Current Step ::Setting Up environment
[DEBUG] 2021-03-12 22:49:02.854 [main] CRM_LoginPage - Current Step ::Storing all App DropDown Elements To List And Comparing
[INFO ] 2021-03-12 22:49:02.854 [main] CRM_LoginPage - Current Step ::Closing environment
[INFO ] 2021-03-12 22:49:03.649 [main] CRM_LoginPage - Current Step ::Setting Up environment
[INFO ] 2021-03-12 22:49:08.730 [main] CRM_LoginPage - Current Step ::Closing environment
[INFO ] 2021-03-12 22:49:09.525 [main] CRM_LoginPage - Current Step ::Setting Up environment
[INFO ] 2021-03-12 22:49:14.756 [main] CRM_LoginPage - Current Step ::Closing environment
[INFO ] 2021-03-12 22:49:15.538 [TestNG-PoolService-0] CRM_LoginPage - Current Step ::Setting Up environment
[INFO ] 2021-03-12 22:49:15.538 [TestNG-PoolService-2] CRM_LoginPage - Current Step ::Setting Up environment
[INFO ] 2021-03-12 22:49:15.538 [TestNG-PoolService-1] CRM_LoginPage - Current Step ::Setting Up environment
[INFO ] 2021-03-12 22:49:26.860 [TestNG-PoolService-2] CRM_LoginPage - Current Step ::Navigating To LogIn Page
[INFO ] 2021-03-12 22:49:26.868 [TestNG-PoolService-2] CRM_LoginPage - Current Step ::Closing environment
[INFO ] 2021-03-12 22:49:26.996 [TestNG-PoolService-1] CRM_LoginPage - Current Step ::Navigating To LogIn Page
[INFO ] 2021-03-12 22:49:26.996 [TestNG-PoolService-1] CRM_LoginPage - Current Step ::Closing environment
[INFO ] 2021-03-13 01:56:41.355 [main] CRM_LoginPage - Current Step ::Setting Up environment
[INFO ] 2021-03-13 12:20:54.699 [main] CRM_LoginPage - Current Step ::Setting Up environment
[DEBUG] 2021-03-13 12:21:05.467 [main] CRM_LoginPage - Current Step ::Clicking on About Us Link
[INFO ] 2021-03-13 12:21:05.483 [main] CRM_LoginPage - Current Step ::Closing environment
[INFO ] 2021-03-13 12:21:06.424 [main] CRM_LoginPage - Current Step ::Setting Up environment
[INFO ] 2021-03-13 12:21:12.375 [main] CRM_LoginPage - Current Step ::Clicking On SignUp Link 
[INFO ] 2021-03-13 12:21:12.375 [main] CRM_LoginPage - Current Step ::Closing environment
[INFO ] 2021-03-13 12:21:13.289 [main] CRM_LoginPage - Current Step ::Setting Up environment
[DEBUG] 2021-03-13 12:21:23.697 [main] CRM_LoginPage - Current Step ::Storing all CRM DropDown Elements To List And Comparing
[INFO ] 2021-03-13 12:21:23.697 [main] CRM_LoginPage - Current Step ::Closing environment
[INFO ] 2021-03-13 12:21:24.566 [main] CRM_LoginPage - Current Step ::Setting Up environment
[DEBUG] 2021-03-13 12:21:30.460 [main] CRM_LoginPage - Current Step ::Storing all App DropDown Elements To List And Comparing
[INFO ] 2021-03-13 12:21:30.460 [main] CRM_LoginPage - Current Step ::Closing environment
[INFO ] 2021-03-13 12:21:31.276 [main] CRM_LoginPage - Current Step ::Setting Up environment
[DEBUG] 2021-03-13 12:21:37.950 [main] CRM_LoginPage - Current Step ::Storing all App DropDown Elements To List And Comparing
[INFO ] 2021-03-13 12:21:37.950 [main] CRM_LoginPage - Current Step ::Closing environment
[INFO ] 2021-03-13 12:21:38.816 [main] CRM_LoginPage - Current Step ::Setting Up environment
[DEBUG] 2021-03-13 12:21:44.797 [main] CRM_LoginPage - Current Step ::Storing all App DropDown Elements To List And Comparing
[INFO ] 2021-03-13 12:21:44.797 [main] CRM_LoginPage - Current Step ::Closing environment
[INFO ] 2021-03-13 12:21:45.561 [main] CRM_LoginPage - Current Step ::Setting Up environment
[INFO ] 2021-03-13 12:21:50.423 [main] CRM_LoginPage - Current Step ::Closing environment
[INFO ] 2021-03-13 12:21:51.332 [main] CRM_LoginPage - Current Step ::Setting Up environment
[INFO ] 2021-03-13 12:21:56.377 [main] CRM_LoginPage - Current Step ::Closing environment
[INFO ] 2021-03-13 12:21:57.315 [TestNG-PoolService-1] CRM_LoginPage - Current Step ::Setting Up environment
[INFO ] 2021-03-13 12:21:57.315 [TestNG-PoolService-2] CRM_LoginPage - Current Step ::Setting Up environment
[INFO ] 2021-03-13 12:21:57.315 [TestNG-PoolService-0] CRM_LoginPage - Current Step ::Setting Up environment
[INFO ] 2021-03-13 12:22:09.578 [TestNG-PoolService-1] CRM_LoginPage - Current Step ::Navigating To LogIn Page
[INFO ] 2021-03-13 12:22:09.586 [TestNG-PoolService-1] CRM_LoginPage - Current Step ::Closing environment
[INFO ] 2021-03-13 12:22:09.867 [TestNG-PoolService-2] CRM_LoginPage - Current Step ::Navigating To LogIn Page
[INFO ] 2021-03-13 12:22:09.867 [TestNG-PoolService-2] CRM_LoginPage - Current Step ::Closing environment
[INFO ] 2021-03-13 12:22:09.931 [TestNG-PoolService-0] CRM_LoginPage - Current Step ::Navigating To LogIn Page
[INFO ] 2021-03-13 12:22:09.939 [TestNG-PoolService-0] CRM_LoginPage - Current Step ::Closing environment
[INFO ] 2021-03-13 12:22:11.474 [main] CRM_LoginPage - Current Step ::Setting Up environment
[INFO ] 2021-03-13 12:22:16.991 [main] CRM_LoginPage - Current Step ::Navigating To LogIn Page
[INFO ] 2021-03-13 12:22:16.999 [main] CRM_LoginPage - Current Step ::Closing environment
[INFO ] 2021-03-13 12:25:49.728 [main] CRM_LoginPage - Current Step ::Setting Up environment
[DEBUG] 2021-03-13 12:25:56.151 [main] CRM_LoginPage - Current Step ::Clicking on About Us Link
[INFO ] 2021-03-13 12:25:56.159 [main] CRM_LoginPage - Current Step ::Closing environment
[INFO ] 2021-03-13 12:25:56.948 [main] CRM_LoginPage - Current Step ::Setting Up environment
[INFO ] 2021-03-13 12:26:03.031 [main] CRM_LoginPage - Current Step ::Clicking On SignUp Link 
[INFO ] 2021-03-13 12:26:03.031 [main] CRM_LoginPage - Current Step ::Closing environment
[INFO ] 2021-03-13 12:26:03.896 [main] CRM_LoginPage - Current Step ::Setting Up environment
[DEBUG] 2021-03-13 12:26:09.334 [main] CRM_LoginPage - Current Step ::Storing all CRM DropDown Elements To List And Comparing
[INFO ] 2021-03-13 12:26:09.334 [main] CRM_LoginPage - Current Step ::Closing environment
[INFO ] 2021-03-13 12:26:10.179 [main] CRM_LoginPage - Current Step ::Setting Up environment
[DEBUG] 2021-03-13 12:26:15.648 [main] CRM_LoginPage - Current Step ::Storing all App DropDown Elements To List And Comparing
[INFO ] 2021-03-13 12:26:15.648 [main] CRM_LoginPage - Current Step ::Closing environment
[INFO ] 2021-03-13 12:26:16.485 [main] CRM_LoginPage - Current Step ::Setting Up environment
[DEBUG] 2021-03-13 12:26:21.569 [main] CRM_LoginPage - Current Step ::Storing all App DropDown Elements To List And Comparing
[INFO ] 2021-03-13 12:26:21.569 [main] CRM_LoginPage - Current Step ::Closing environment
[INFO ] 2021-03-13 12:26:22.418 [main] CRM_LoginPage - Current Step ::Setting Up environment
[DEBUG] 2021-03-13 12:26:32.152 [main] CRM_LoginPage - Current Step ::Storing all App DropDown Elements To List And Comparing
[INFO ] 2021-03-13 12:26:32.160 [main] CRM_LoginPage - Current Step ::Closing environment
[INFO ] 2021-03-13 12:26:32.970 [main] CRM_LoginPage - Current Step ::Setting Up environment
[INFO ] 2021-03-13 12:26:37.730 [main] CRM_LoginPage - Current Step ::Closing environment
[INFO ] 2021-03-13 12:26:38.608 [main] CRM_LoginPage - Current Step ::Setting Up environment
[INFO ] 2021-03-13 12:26:43.742 [main] CRM_LoginPage - Current Step ::Closing environment
[INFO ] 2021-03-13 12:26:44.570 [TestNG-PoolService-0] CRM_LoginPage - Current Step ::Setting Up environment
[INFO ] 2021-03-13 12:26:44.570 [TestNG-PoolService-1] CRM_LoginPage - Current Step ::Setting Up environment
[INFO ] 2021-03-13 12:26:44.570 [TestNG-PoolService-2] CRM_LoginPage - Current Step ::Setting Up environment
[INFO ] 2021-03-13 12:26:55.100 [TestNG-PoolService-1] CRM_LoginPage - Current Step ::Navigating To LogIn Page
[INFO ] 2021-03-13 12:26:55.108 [TestNG-PoolService-1] CRM_LoginPage - Current Step ::Closing environment
[INFO ] 2021-03-13 12:26:57.462 [TestNG-PoolService-2] CRM_LoginPage - Current Step ::Navigating To LogIn Page
[INFO ] 2021-03-13 12:26:57.470 [TestNG-PoolService-2] CRM_LoginPage - Current Step ::Closing environment
[INFO ] 2021-03-13 12:26:57.486 [TestNG-PoolService-0] CRM_LoginPage - Current Step ::Navigating To LogIn Page
[INFO ] 2021-03-13 12:26:57.494 [TestNG-PoolService-0] CRM_LoginPage - Current Step ::Closing environment
[INFO ] 2021-03-13 12:26:58.461 [main] CRM_LoginPage - Current Step ::Setting Up environment
[INFO ] 2021-03-13 12:27:03.580 [main] CRM_LoginPage - Current Step ::Navigating To LogIn Page
[INFO ] 2021-03-13 12:27:03.580 [main] CRM_LoginPage - Current Step ::Closing environment
[INFO ] 2021-03-13 13:21:21.119 [main] CRM_LoginPage - Current Step ::Setting Up environment
[DEBUG] 2021-03-13 13:21:27.092 [main] CRM_LoginPage - Current Step ::Clicking on About Us Link
[INFO ] 2021-03-13 13:21:27.108 [main] CRM_LoginPage - Current Step ::Closing environment
[INFO ] 2021-03-13 13:21:27.981 [main] CRM_LoginPage - Current Step ::Setting Up environment
[INFO ] 2021-03-13 13:21:33.205 [main] CRM_LoginPage - Current Step ::Clicking On SignUp Link 
[INFO ] 2021-03-13 13:21:33.205 [main] CRM_LoginPage - Current Step ::Closing environment
[INFO ] 2021-03-13 13:21:34.064 [main] CRM_LoginPage - Current Step ::Setting Up environment
[DEBUG] 2021-03-13 13:21:39.688 [main] CRM_LoginPage - Current Step ::Storing all CRM DropDown Elements To List And Comparing
[INFO ] 2021-03-13 13:21:39.688 [main] CRM_LoginPage - Current Step ::Closing environment
[INFO ] 2021-03-13 13:21:40.532 [main] CRM_LoginPage - Current Step ::Setting Up environment
[DEBUG] 2021-03-13 13:21:45.855 [main] CRM_LoginPage - Current Step ::Storing all App DropDown Elements To List And Comparing
[INFO ] 2021-03-13 13:21:45.855 [main] CRM_LoginPage - Current Step ::Closing environment
[INFO ] 2021-03-13 13:21:46.741 [main] CRM_LoginPage - Current Step ::Setting Up environment
[DEBUG] 2021-03-13 13:21:56.450 [main] CRM_LoginPage - Current Step ::Storing all App DropDown Elements To List And Comparing
[INFO ] 2021-03-13 13:21:56.450 [main] CRM_LoginPage - Current Step ::Closing environment
[INFO ] 2021-03-13 13:21:57.689 [main] CRM_LoginPage - Current Step ::Setting Up environment
[DEBUG] 2021-03-13 13:22:02.473 [main] CRM_LoginPage - Current Step ::Storing all App DropDown Elements To List And Comparing
[INFO ] 2021-03-13 13:22:02.473 [main] CRM_LoginPage - Current Step ::Closing environment
[INFO ] 2021-03-13 13:22:03.326 [main] CRM_LoginPage - Current Step ::Setting Up environment
[INFO ] 2021-03-13 13:22:08.596 [main] CRM_LoginPage - Current Step ::Closing environment
[INFO ] 2021-03-13 13:22:09.509 [main] CRM_LoginPage - Current Step ::Setting Up environment
[INFO ] 2021-03-13 13:22:14.514 [main] CRM_LoginPage - Current Step ::Closing environment
[INFO ] 2021-03-13 13:22:15.388 [TestNG-PoolService-0] CRM_LoginPage - Current Step ::Setting Up environment
[INFO ] 2021-03-13 13:22:15.388 [TestNG-PoolService-1] CRM_LoginPage - Current Step ::Setting Up environment
[INFO ] 2021-03-13 13:22:15.388 [TestNG-PoolService-2] CRM_LoginPage - Current Step ::Setting Up environment
[INFO ] 2021-03-13 13:22:26.940 [TestNG-PoolService-0] CRM_LoginPage - Current Step ::Navigating To LogIn Page
[INFO ] 2021-03-13 13:22:26.940 [TestNG-PoolService-0] CRM_LoginPage - Current Step ::Closing environment
[INFO ] 2021-03-13 13:22:26.991 [TestNG-PoolService-1] CRM_LoginPage - Current Step ::Navigating To LogIn Page
[INFO ] 2021-03-13 13:22:26.998 [TestNG-PoolService-1] CRM_LoginPage - Current Step ::Closing environment
[INFO ] 2021-03-13 13:22:27.325 [TestNG-PoolService-2] CRM_LoginPage - Current Step ::Navigating To LogIn Page
[INFO ] 2021-03-13 13:22:27.325 [TestNG-PoolService-2] CRM_LoginPage - Current Step ::Closing environment
[INFO ] 2021-03-13 13:22:28.364 [main] CRM_LoginPage - Current Step ::Setting Up environment
[INFO ] 2021-03-13 13:22:33.321 [main] CRM_LoginPage - Current Step ::Navigating To LogIn Page
[INFO ] 2021-03-13 13:22:33.321 [main] CRM_LoginPage - Current Step ::Closing environment
[INFO ] 2021-03-13 13:23:56.563 [main] CRM_LoginPage - Current Step ::Setting Up environment
[DEBUG] 2021-03-13 13:24:06.731 [main] CRM_LoginPage - Current Step ::Clicking on About Us Link
[INFO ] 2021-03-13 13:24:06.747 [main] CRM_LoginPage - Current Step ::Closing environment
[INFO ] 2021-03-13 13:24:07.576 [main] CRM_LoginPage - Current Step ::Setting Up environment
[INFO ] 2021-03-13 13:24:17.374 [main] CRM_LoginPage - Current Step ::Clicking On SignUp Link 
[INFO ] 2021-03-13 13:24:17.382 [main] CRM_LoginPage - Current Step ::Closing environment
[INFO ] 2021-03-13 13:24:18.228 [main] CRM_LoginPage - Current Step ::Setting Up environment
[DEBUG] 2021-03-13 13:24:23.783 [main] CRM_LoginPage - Current Step ::Storing all CRM DropDown Elements To List And Comparing
[INFO ] 2021-03-13 13:24:23.783 [main] CRM_LoginPage - Current Step ::Closing environment
[INFO ] 2021-03-13 13:24:24.627 [main] CRM_LoginPage - Current Step ::Setting Up environment
[DEBUG] 2021-03-13 13:24:29.739 [main] CRM_LoginPage - Current Step ::Storing all App DropDown Elements To List And Comparing
[INFO ] 2021-03-13 13:24:29.739 [main] CRM_LoginPage - Current Step ::Closing environment
[INFO ] 2021-03-13 13:24:30.653 [main] CRM_LoginPage - Current Step ::Setting Up environment
[DEBUG] 2021-03-13 13:24:36.040 [main] CRM_LoginPage - Current Step ::Storing all App DropDown Elements To List And Comparing
[INFO ] 2021-03-13 13:24:36.040 [main] CRM_LoginPage - Current Step ::Closing environment
[INFO ] 2021-03-13 13:24:36.929 [main] CRM_LoginPage - Current Step ::Setting Up environment
[DEBUG] 2021-03-13 13:24:42.268 [main] CRM_LoginPage - Current Step ::Storing all App DropDown Elements To List And Comparing
[INFO ] 2021-03-13 13:24:42.268 [main] CRM_LoginPage - Current Step ::Closing environment
[INFO ] 2021-03-13 13:24:43.084 [main] CRM_LoginPage - Current Step ::Setting Up environment
[INFO ] 2021-03-13 13:24:48.841 [main] CRM_LoginPage - Current Step ::Closing environment
[INFO ] 2021-03-13 13:24:49.669 [main] CRM_LoginPage - Current Step ::Setting Up environment
[INFO ] 2021-03-13 13:24:54.973 [main] CRM_LoginPage - Current Step ::Closing environment
[INFO ] 2021-03-13 13:24:55.833 [TestNG-PoolService-1] CRM_LoginPage - Current Step ::Setting Up environment
[INFO ] 2021-03-13 13:24:55.833 [TestNG-PoolService-0] CRM_LoginPage - Current Step ::Setting Up environment
[INFO ] 2021-03-13 13:24:55.833 [TestNG-PoolService-2] CRM_LoginPage - Current Step ::Setting Up environment
[INFO ] 2021-03-13 13:25:07.079 [TestNG-PoolService-0] CRM_LoginPage - Current Step ::Navigating To LogIn Page
[INFO ] 2021-03-13 13:25:07.087 [TestNG-PoolService-0] CRM_LoginPage - Current Step ::Closing environment
[INFO ] 2021-03-13 13:25:07.376 [TestNG-PoolService-2] CRM_LoginPage - Current Step ::Navigating To LogIn Page
[INFO ] 2021-03-13 13:25:07.376 [TestNG-PoolService-2] CRM_LoginPage - Current Step ::Closing environment
[INFO ] 2021-03-13 13:25:07.504 [TestNG-PoolService-1] CRM_LoginPage - Current Step ::Navigating To LogIn Page
[INFO ] 2021-03-13 13:25:07.504 [TestNG-PoolService-1] CRM_LoginPage - Current Step ::Closing environment
[INFO ] 2021-03-13 13:25:08.645 [main] CRM_LoginPage - Current Step ::Setting Up environment
[INFO ] 2021-03-13 13:25:13.757 [main] CRM_LoginPage - Current Step ::Navigating To LogIn Page
[INFO ] 2021-03-13 13:25:13.757 [main] CRM_LoginPage - Current Step ::Closing environment
[INFO ] 2021-03-13 13:28:15.537 [main] CRM_LoginPage - Current Step ::Setting Up environment
[DEBUG] 2021-03-13 13:28:21.327 [main] CRM_LoginPage - Current Step ::Clicking on About Us Link
[INFO ] 2021-03-13 13:28:21.335 [main] CRM_LoginPage - Current Step ::Closing environment
[INFO ] 2021-03-13 13:28:22.258 [main] CRM_LoginPage - Current Step ::Setting Up environment
[INFO ] 2021-03-13 13:28:27.534 [main] CRM_LoginPage - Current Step ::Clicking On SignUp Link 
[INFO ] 2021-03-13 13:28:27.534 [main] CRM_LoginPage - Current Step ::Closing environment
[INFO ] 2021-03-13 13:28:28.396 [main] CRM_LoginPage - Current Step ::Setting Up environment
[DEBUG] 2021-03-13 13:28:33.682 [main] CRM_LoginPage - Current Step ::Storing all CRM DropDown Elements To List And Comparing
[INFO ] 2021-03-13 13:28:33.690 [main] CRM_LoginPage - Current Step ::Closing environment
[INFO ] 2021-03-13 13:28:34.523 [main] CRM_LoginPage - Current Step ::Setting Up environment
[DEBUG] 2021-03-13 13:28:39.594 [main] CRM_LoginPage - Current Step ::Storing all App DropDown Elements To List And Comparing
[INFO ] 2021-03-13 13:28:39.602 [main] CRM_LoginPage - Current Step ::Closing environment
[INFO ] 2021-03-13 13:28:40.434 [main] CRM_LoginPage - Current Step ::Setting Up environment
[DEBUG] 2021-03-13 13:28:50.134 [main] CRM_LoginPage - Current Step ::Storing all App DropDown Elements To List And Comparing
[INFO ] 2021-03-13 13:28:50.134 [main] CRM_LoginPage - Current Step ::Closing environment
[INFO ] 2021-03-13 13:28:51.071 [main] CRM_LoginPage - Current Step ::Setting Up environment
[DEBUG] 2021-03-13 13:28:55.859 [main] CRM_LoginPage - Current Step ::Storing all App DropDown Elements To List And Comparing
[INFO ] 2021-03-13 13:28:55.859 [main] CRM_LoginPage - Current Step ::Closing environment
[INFO ] 2021-03-13 13:28:56.712 [main] CRM_LoginPage - Current Step ::Setting Up environment
[INFO ] 2021-03-13 13:29:02.608 [main] CRM_LoginPage - Current Step ::Closing environment
[INFO ] 2021-03-13 13:29:03.431 [main] CRM_LoginPage - Current Step ::Setting Up environment
[INFO ] 2021-03-13 13:29:08.434 [main] CRM_LoginPage - Current Step ::Closing environment
[INFO ] 2021-03-13 13:29:09.206 [TestNG-PoolService-0] CRM_LoginPage - Current Step ::Setting Up environment
[INFO ] 2021-03-13 13:29:09.206 [TestNG-PoolService-1] CRM_LoginPage - Current Step ::Setting Up environment
[INFO ] 2021-03-13 13:29:09.206 [TestNG-PoolService-2] CRM_LoginPage - Current Step ::Setting Up environment
[INFO ] 2021-03-13 13:57:33.702 [TestNG-test=TestProject-1] CRM_LoginPage - Current Step ::Setting Up environment
[INFO ] 2021-03-13 13:57:33.702 [TestNG-test=TestProject-2] CRM_LoginPage - Current Step ::Setting Up environment
[INFO ] 2021-03-13 13:57:33.702 [TestNG-test=TestProject-3] CRM_LoginPage - Current Step ::Setting Up environment
[INFO ] 2021-03-13 13:57:45.901 [TestNG-test=TestProject-2] CRM_LoginPage - Current Step ::Clicking On SignUp Link 
[INFO ] 2021-03-13 13:57:45.917 [TestNG-test=TestProject-2] CRM_LoginPage - Current Step ::Closing environment
[DEBUG] 2021-03-13 13:57:46.160 [TestNG-test=TestProject-3] CRM_LoginPage - Current Step ::Storing all CRM DropDown Elements To List And Comparing
[INFO ] 2021-03-13 13:57:46.160 [TestNG-test=TestProject-3] CRM_LoginPage - Current Step ::Closing environment
[DEBUG] 2021-03-13 13:57:46.202 [TestNG-test=TestProject-1] CRM_LoginPage - Current Step ::Clicking on About Us Link
[INFO ] 2021-03-13 13:57:46.202 [TestNG-test=TestProject-1] CRM_LoginPage - Current Step ::Closing environment
[INFO ] 2021-03-13 13:57:47.605 [TestNG-test=TestProject-1] CRM_LoginPage - Current Step ::Setting Up environment
[INFO ] 2021-03-13 13:57:47.646 [TestNG-test=TestProject-2] CRM_LoginPage - Current Step ::Setting Up environment
[INFO ] 2021-03-13 13:57:49.022 [TestNG-test=TestProject-3] CRM_LoginPage - Current Step ::Setting Up environment
[DEBUG] 2021-03-13 13:57:58.235 [TestNG-test=TestProject-2] CRM_LoginPage - Current Step ::Storing all App DropDown Elements To List And Comparing
[INFO ] 2021-03-13 13:57:58.235 [TestNG-test=TestProject-2] CRM_LoginPage - Current Step ::Closing environment
[DEBUG] 2021-03-13 13:57:58.720 [TestNG-test=TestProject-1] CRM_LoginPage - Current Step ::Storing all App DropDown Elements To List And Comparing
[INFO ] 2021-03-13 13:57:58.720 [TestNG-test=TestProject-1] CRM_LoginPage - Current Step ::Closing environment
[INFO ] 2021-03-13 13:57:59.312 [TestNG-test=TestProject-2] CRM_LoginPage - Current Step ::Setting Up environment
[DEBUG] 2021-03-13 13:57:59.472 [TestNG-test=TestProject-3] CRM_LoginPage - Current Step ::Storing all App DropDown Elements To List And Comparing
[INFO ] 2021-03-13 13:57:59.472 [TestNG-test=TestProject-3] CRM_LoginPage - Current Step ::Closing environment
[INFO ] 2021-03-13 13:57:59.802 [TestNG-test=TestProject-1] CRM_LoginPage - Current Step ::Setting Up environment
[INFO ] 2021-03-13 13:58:00.366 [TestNG-PoolService-0] CRM_LoginPage - Current Step ::Setting Up environment
[INFO ] 2021-03-13 13:58:00.366 [TestNG-PoolService-1] CRM_LoginPage - Current Step ::Setting Up environment
[INFO ] 2021-03-13 13:58:00.366 [TestNG-PoolService-2] CRM_LoginPage - Current Step ::Setting Up environment
[INFO ] 2021-03-13 13:58:13.708 [TestNG-test=TestProject-1] CRM_LoginPage - Current Step ::Closing environment
[INFO ] 2021-03-13 13:58:13.780 [TestNG-test=TestProject-2] CRM_LoginPage - Current Step ::Closing environment
[INFO ] 2021-03-13 13:58:14.516 [TestNG-PoolService-1] CRM_LoginPage - Current Step ::Navigating To LogIn Page
[INFO ] 2021-03-13 13:58:14.516 [TestNG-PoolService-1] CRM_LoginPage - Current Step ::Closing environment
[INFO ] 2021-03-13 13:58:15.360 [TestNG-PoolService-2] CRM_LoginPage - Current Step ::Navigating To LogIn Page
[INFO ] 2021-03-13 13:58:15.360 [TestNG-PoolService-2] CRM_LoginPage - Current Step ::Closing environment
[INFO ] 2021-03-13 13:58:16.768 [TestNG-test=TestProject-1] CRM_LoginPage - Current Step ::Setting Up environment
[INFO ] 2021-03-13 13:58:18.152 [TestNG-PoolService-0] CRM_LoginPage - Current Step ::Navigating To LogIn Page
[INFO ] 2021-03-13 13:58:18.152 [TestNG-PoolService-0] CRM_LoginPage - Current Step ::Closing environment
[INFO ] 2021-03-13 13:58:22.732 [TestNG-test=TestProject-1] CRM_LoginPage - Current Step ::Navigating To LogIn Page
[INFO ] 2021-03-13 13:58:22.732 [TestNG-test=TestProject-1] CRM_LoginPage - Current Step ::Closing environment
[INFO ] 2021-03-13 14:00:20.115 [TestNG-test=FreeCRM_Automation-1] CRM_LoginPage - Current Step ::Setting Up environment
[INFO ] 2021-03-13 14:00:20.115 [TestNG-test=FreeCRM_Automation-3] CRM_LoginPage - Current Step ::Setting Up environment
[INFO ] 2021-03-13 14:00:20.115 [TestNG-test=FreeCRM_Automation-2] CRM_LoginPage - Current Step ::Setting Up environment
[DEBUG] 2021-03-13 14:00:32.272 [TestNG-test=FreeCRM_Automation-1] CRM_LoginPage - Current Step ::Clicking on About Us Link
[DEBUG] 2021-03-13 14:00:32.272 [TestNG-test=FreeCRM_Automation-3] CRM_LoginPage - Current Step ::Storing all CRM DropDown Elements To List And Comparing
[INFO ] 2021-03-13 14:00:32.402 [TestNG-test=FreeCRM_Automation-2] CRM_LoginPage - Current Step ::Clicking On SignUp Link 
[INFO ] 2021-03-13 14:00:33.975 [TestNG-test=FreeCRM_Automation-3] CRM_LoginPage - Current Step ::Closing environment
[INFO ] 2021-03-13 14:00:35.414 [TestNG-test=FreeCRM_Automation-3] CRM_LoginPage - Current Step ::Setting Up environment
[INFO ] 2021-03-13 14:00:35.462 [TestNG-test=FreeCRM_Automation-1] CRM_LoginPage - Current Step ::Closing environment
[INFO ] 2021-03-13 14:00:37.679 [TestNG-test=FreeCRM_Automation-2] CRM_LoginPage - Current Step ::Closing environment
[INFO ] 2021-03-13 14:00:37.785 [TestNG-test=FreeCRM_Automation-1] CRM_LoginPage - Current Step ::Setting Up environment
[INFO ] 2021-03-13 14:00:39.819 [TestNG-test=FreeCRM_Automation-2] CRM_LoginPage - Current Step ::Setting Up environment
[DEBUG] 2021-03-13 14:00:46.077 [TestNG-test=FreeCRM_Automation-3] CRM_LoginPage - Current Step ::Storing all App DropDown Elements To List And Comparing
[INFO ] 2021-03-13 14:00:46.437 [TestNG-test=FreeCRM_Automation-3] CRM_LoginPage - Current Step ::Closing environment
[INFO ] 2021-03-13 14:00:47.527 [TestNG-test=FreeCRM_Automation-3] CRM_LoginPage - Current Step ::Setting Up environment
[DEBUG] 2021-03-13 14:00:48.543 [TestNG-test=FreeCRM_Automation-1] CRM_LoginPage - Current Step ::Storing all App DropDown Elements To List And Comparing
[DEBUG] 2021-03-13 14:00:48.941 [TestNG-test=FreeCRM_Automation-1] CRM_LoginPage - Current Step ::Clicking on Apps Toggle
[DEBUG] 2021-03-13 14:00:49.029 [TestNG-test=FreeCRM_Automation-1] CRM_LoginPage - Current Step ::Clicking On Android
[DEBUG] 2021-03-13 14:00:51.280 [TestNG-test=FreeCRM_Automation-2] CRM_LoginPage - Current Step ::Storing all App DropDown Elements To List And Comparing
[DEBUG] 2021-03-13 14:00:51.799 [TestNG-test=FreeCRM_Automation-2] CRM_LoginPage - Clicking on Apps Toggle
[DEBUG] 2021-03-13 14:00:51.887 [TestNG-test=FreeCRM_Automation-2] CRM_LoginPage - Current Step ::Clicking On IOS
[INFO ] 2021-03-13 14:00:52.610 [TestNG-test=FreeCRM_Automation-1] CRM_LoginPage - Current Step ::Closing environment
[INFO ] 2021-03-13 14:00:55.182 [TestNG-test=FreeCRM_Automation-1] CRM_LoginPage - Current Step ::Setting Up environment
[INFO ] 2021-03-13 14:00:55.790 [TestNG-test=FreeCRM_Automation-2] CRM_LoginPage - Current Step ::Closing environment
[INFO ] 2021-03-13 14:00:57.662 [TestNG-PoolService-2] CRM_LoginPage - Current Step ::Setting Up environment
[INFO ] 2021-03-13 14:00:57.662 [TestNG-PoolService-1] CRM_LoginPage - Current Step ::Setting Up environment
[INFO ] 2021-03-13 14:00:57.662 [TestNG-PoolService-0] CRM_LoginPage - Current Step ::Setting Up environment
[DEBUG] 2021-03-13 14:00:57.822 [TestNG-test=FreeCRM_Automation-3] CRM_LoginPage - Current Step ::Clicking On Zoom Link
[DEBUG] 2021-03-13 14:01:07.113 [TestNG-test=FreeCRM_Automation-1] CRM_LoginPage - Current Step ::Clicking On SupportUs Link
[INFO ] 2021-03-13 14:01:13.407 [TestNG-PoolService-1] CRM_LoginPage - Current Step ::Navigating To LogIn Page
[INFO ] 2021-03-13 14:01:13.447 [TestNG-PoolService-2] CRM_LoginPage - Current Step ::Navigating To LogIn Page
[INFO ] 2021-03-13 14:01:13.809 [TestNG-PoolService-0] CRM_LoginPage - Current Step ::Navigating To LogIn Page
[INFO ] 2021-03-13 14:01:14.052 [TestNG-test=FreeCRM_Automation-1] CRM_LoginPage - Current Step ::Closing environment
[INFO ] 2021-03-13 14:01:17.952 [TestNG-test=FreeCRM_Automation-1] CRM_LoginPage - Current Step ::Setting Up environment
[DEBUG] 2021-03-13 14:01:19.017 [TestNG-PoolService-2] CRM_LoginPage - Current Step ::Entering UserName
[DEBUG] 2021-03-13 14:01:19.113 [TestNG-PoolService-1] CRM_LoginPage - Current Step ::Entering UserName
[INFO ] 2021-03-13 14:01:19.770 [TestNG-test=FreeCRM_Automation-3] CRM_LoginPage - Current Step ::Closing environment
[DEBUG] 2021-03-13 14:01:20.298 [TestNG-PoolService-1] CRM_LoginPage - Current Step ::Entering Password
[DEBUG] 2021-03-13 14:01:20.514 [TestNG-PoolService-2] CRM_LoginPage - Current Step ::Entering Password
[DEBUG] 2021-03-13 14:01:20.885 [TestNG-PoolService-0] CRM_LoginPage - Current Step ::Entering UserName
[DEBUG] 2021-03-13 14:01:21.031 [TestNG-PoolService-0] CRM_LoginPage - Current Step ::Entering Password
[INFO ] 2021-03-13 14:01:22.133 [TestNG-PoolService-2] CRM_LoginPage - Current Step ::Closing environment
[INFO ] 2021-03-13 14:01:30.228 [TestNG-test=FreeCRM_Automation-1] CRM_LoginPage - Current Step ::Navigating To LogIn Page
[INFO ] 2021-03-13 14:01:39.403 [TestNG-test=FreeCRM_Automation-1] CRM_LoginPage - Current Step ::Checking Login Page Elements loaded or Not
[INFO ] 2021-03-13 14:01:39.643 [TestNG-test=FreeCRM_Automation-1] CRM_LoginPage - Current Step ::Closing environment
[INFO ] 2021-03-13 14:01:41.637 [TestNG-PoolService-1] CRM_LoginPage - Current Step ::Closing environment
[INFO ] 2021-03-13 14:01:42.078 [TestNG-PoolService-0] CRM_LoginPage - Current Step ::Closing environment
[INFO ] 2021-03-13 15:24:19.112 [main] CRM_LoginPage - Current Step ::Setting Up environment
[DEBUG] 2021-03-13 15:24:32.321 [main] CRM_LoginPage - Current Step ::Clicking on About Us Link
[INFO ] 2021-03-13 15:24:32.335 [main] CRM_LoginPage - Current Step ::Closing environment
[INFO ] 2021-03-13 15:24:34.007 [main] CRM_LoginPage - Current Step ::Setting Up environment
[INFO ] 2021-03-13 15:24:39.973 [main] CRM_LoginPage - Current Step ::Clicking On SignUp Link 
[INFO ] 2021-03-13 15:24:39.975 [main] CRM_LoginPage - Current Step ::Closing environment
[INFO ] 2021-03-13 15:24:41.027 [main] CRM_LoginPage - Current Step ::Setting Up environment
[DEBUG] 2021-03-13 15:24:46.844 [main] CRM_LoginPage - Current Step ::Storing all CRM DropDown Elements To List And Comparing
[INFO ] 2021-03-13 15:24:46.846 [main] CRM_LoginPage - Current Step ::Closing environment
[INFO ] 2021-03-13 15:24:47.657 [main] CRM_LoginPage - Current Step ::Setting Up environment
[DEBUG] 2021-03-13 15:24:52.793 [main] CRM_LoginPage - Current Step ::Storing all App DropDown Elements To List And Comparing
[INFO ] 2021-03-13 15:24:52.796 [main] CRM_LoginPage - Current Step ::Closing environment
[INFO ] 2021-03-13 15:24:53.709 [main] CRM_LoginPage - Current Step ::Setting Up environment
[DEBUG] 2021-03-13 15:24:58.931 [main] CRM_LoginPage - Current Step ::Storing all App DropDown Elements To List And Comparing
[INFO ] 2021-03-13 15:24:58.932 [main] CRM_LoginPage - Current Step ::Closing environment
[INFO ] 2021-03-13 15:24:59.793 [main] CRM_LoginPage - Current Step ::Setting Up environment
[DEBUG] 2021-03-13 15:25:05.230 [main] CRM_LoginPage - Current Step ::Storing all App DropDown Elements To List And Comparing
[INFO ] 2021-03-13 15:25:05.231 [main] CRM_LoginPage - Current Step ::Closing environment
[INFO ] 2021-03-13 15:25:06.149 [main] CRM_LoginPage - Current Step ::Setting Up environment
[INFO ] 2021-03-13 15:25:11.334 [main] CRM_LoginPage - Current Step ::Closing environment
[INFO ] 2021-03-13 15:25:12.166 [main] CRM_LoginPage - Current Step ::Setting Up environment
[INFO ] 2021-03-13 15:25:17.359 [main] CRM_LoginPage - Current Step ::Closing environment
[INFO ] 2021-03-13 15:25:18.249 [TestNG-PoolService-0] CRM_LoginPage - Current Step ::Setting Up environment
[INFO ] 2021-03-13 15:25:18.249 [TestNG-PoolService-1] CRM_LoginPage - Current Step ::Setting Up environment
[INFO ] 2021-03-13 15:25:18.249 [TestNG-PoolService-2] CRM_LoginPage - Current Step ::Setting Up environment
[INFO ] 2021-03-13 15:25:33.953 [TestNG-PoolService-2] CRM_LoginPage - Current Step ::Navigating To LogIn Page
[INFO ] 2021-03-13 15:25:33.956 [TestNG-PoolService-2] CRM_LoginPage - Current Step ::Closing environment
[INFO ] 2021-03-13 15:25:35.838 [TestNG-PoolService-0] CRM_LoginPage - Current Step ::Navigating To LogIn Page
[INFO ] 2021-03-13 15:25:35.839 [TestNG-PoolService-0] CRM_LoginPage - Current Step ::Closing environment
[INFO ] 2021-03-13 15:25:36.711 [TestNG-PoolService-1] CRM_LoginPage - Current Step ::Navigating To LogIn Page
[INFO ] 2021-03-13 15:25:36.712 [TestNG-PoolService-1] CRM_LoginPage - Current Step ::Closing environment
[INFO ] 2021-03-13 15:25:38.036 [main] CRM_LoginPage - Current Step ::Setting Up environment
[INFO ] 2021-03-13 15:25:43.728 [main] CRM_LoginPage - Current Step ::Navigating To LogIn Page
[INFO ] 2021-03-13 15:25:43.730 [main] CRM_LoginPage - Current Step ::Closing environment
[INFO ] 2021-03-13 15:26:47.477 [TestNG-test=FreeCRM_Automation-2] CRM_LoginPage - Current Step ::Setting Up environment
[INFO ] 2021-03-13 15:26:47.477 [TestNG-test=FreeCRM_Automation-3] CRM_LoginPage - Current Step ::Setting Up environment
[INFO ] 2021-03-13 15:26:47.477 [TestNG-test=FreeCRM_Automation-1] CRM_LoginPage - Current Step ::Setting Up environment
[DEBUG] 2021-03-13 15:27:02.434 [TestNG-test=FreeCRM_Automation-3] CRM_LoginPage - Current Step ::Storing all CRM DropDown Elements To List And Comparing
[DEBUG] 2021-03-13 15:27:02.484 [TestNG-test=FreeCRM_Automation-1] CRM_LoginPage - Current Step ::Clicking on About Us Link
[INFO ] 2021-03-13 15:27:03.263 [TestNG-test=FreeCRM_Automation-2] CRM_LoginPage - Current Step ::Clicking On SignUp Link 
[INFO ] 2021-03-13 15:27:03.464 [TestNG-test=FreeCRM_Automation-3] CRM_LoginPage - Current Step ::Closing environment
[INFO ] 2021-03-13 15:27:04.484 [TestNG-test=FreeCRM_Automation-1] CRM_LoginPage - Current Step ::Closing environment
[INFO ] 2021-03-13 15:27:05.339 [TestNG-test=FreeCRM_Automation-3] CRM_LoginPage - Current Step ::Setting Up environment
[INFO ] 2021-03-13 15:27:06.157 [TestNG-test=FreeCRM_Automation-1] CRM_LoginPage - Current Step ::Setting Up environment
[INFO ] 2021-03-13 15:27:07.483 [TestNG-test=FreeCRM_Automation-2] CRM_LoginPage - Current Step ::Closing environment
[INFO ] 2021-03-13 15:27:08.832 [TestNG-test=FreeCRM_Automation-2] CRM_LoginPage - Current Step ::Setting Up environment
[DEBUG] 2021-03-13 15:27:17.394 [TestNG-test=FreeCRM_Automation-3] CRM_LoginPage - Current Step ::Storing all App DropDown Elements To List And Comparing
[INFO ] 2021-03-13 15:27:17.579 [TestNG-test=FreeCRM_Automation-3] CRM_LoginPage - Current Step ::Closing environment
[INFO ] 2021-03-13 15:27:19.637 [TestNG-test=FreeCRM_Automation-3] CRM_LoginPage - Current Step ::Setting Up environment
[DEBUG] 2021-03-13 15:27:20.798 [TestNG-test=FreeCRM_Automation-1] CRM_LoginPage - Current Step ::Storing all App DropDown Elements To List And Comparing
[DEBUG] 2021-03-13 15:27:21.481 [TestNG-test=FreeCRM_Automation-1] CRM_LoginPage - Current Step ::Clicking on Apps Toggle
[DEBUG] 2021-03-13 15:27:21.775 [TestNG-test=FreeCRM_Automation-1] CRM_LoginPage - Current Step ::Clicking On Android
[DEBUG] 2021-03-13 15:27:22.292 [TestNG-test=FreeCRM_Automation-2] CRM_LoginPage - Current Step ::Storing all App DropDown Elements To List And Comparing
[DEBUG] 2021-03-13 15:27:22.521 [TestNG-test=FreeCRM_Automation-2] CRM_LoginPage - Clicking on Apps Toggle
[DEBUG] 2021-03-13 15:27:22.606 [TestNG-test=FreeCRM_Automation-2] CRM_LoginPage - Current Step ::Clicking On IOS
[INFO ] 2021-03-13 15:27:22.788 [TestNG-test=FreeCRM_Automation-1] CRM_LoginPage - Current Step ::Closing environment
[INFO ] 2021-03-13 15:27:24.611 [TestNG-test=FreeCRM_Automation-1] CRM_LoginPage - Current Step ::Setting Up environment
[DEBUG] 2021-03-13 15:27:30.657 [TestNG-test=FreeCRM_Automation-3] CRM_LoginPage - Current Step ::Clicking On Zoom Link
[DEBUG] 2021-03-13 15:27:30.925 [TestNG-test=FreeCRM_Automation-1] CRM_LoginPage - Current Step ::Clicking On SupportUs Link
[INFO ] 2021-03-13 15:27:42.526 [TestNG-test=FreeCRM_Automation-1] CRM_LoginPage - Current Step ::Closing environment
[INFO ] 2021-03-13 15:27:43.797 [TestNG-test=FreeCRM_Automation-2] CRM_LoginPage - Current Step ::Closing environment
[INFO ] 2021-03-13 15:27:43.881 [TestNG-PoolService-0] CRM_LoginPage - Current Step ::Setting Up environment
[INFO ] 2021-03-13 15:27:43.888 [TestNG-PoolService-2] CRM_LoginPage - Current Step ::Setting Up environment
[INFO ] 2021-03-13 15:27:43.889 [TestNG-PoolService-1] CRM_LoginPage - Current Step ::Setting Up environment
[INFO ] 2021-03-13 15:27:46.262 [TestNG-test=FreeCRM_Automation-2] CRM_LoginPage - Current Step ::Setting Up environment
[INFO ] 2021-03-13 15:27:52.466 [TestNG-test=FreeCRM_Automation-3] CRM_LoginPage - Current Step ::Closing environment
[INFO ] 2021-03-13 15:28:00.537 [TestNG-PoolService-0] CRM_LoginPage - Current Step ::Navigating To LogIn Page
[INFO ] 2021-03-13 15:28:00.780 [TestNG-PoolService-2] CRM_LoginPage - Current Step ::Navigating To LogIn Page
[INFO ] 2021-03-13 15:28:03.269 [TestNG-PoolService-1] CRM_LoginPage - Current Step ::Navigating To LogIn Page
[INFO ] 2021-03-13 15:28:08.139 [TestNG-test=FreeCRM_Automation-2] CRM_LoginPage - Current Step ::Navigating To LogIn Page
[DEBUG] 2021-03-13 15:28:22.433 [TestNG-PoolService-2] CRM_LoginPage - Current Step ::Entering UserName
[DEBUG] 2021-03-13 15:28:22.704 [TestNG-PoolService-2] CRM_LoginPage - Current Step ::Entering Password
[INFO ] 2021-03-13 15:28:23.308 [TestNG-test=FreeCRM_Automation-2] CRM_LoginPage - Current Step ::Checking Login Page Elements loaded or Not
[INFO ] 2021-03-13 15:28:23.592 [TestNG-test=FreeCRM_Automation-2] CRM_LoginPage - Current Step ::Closing environment
[INFO ] 2021-03-13 15:28:24.368 [TestNG-PoolService-2] CRM_LoginPage - Current Step ::Closing environment
[INFO ] 2021-03-13 15:28:24.375 [TestNG-PoolService-0] CRM_LoginPage - Current Step ::Closing environment
[INFO ] 2021-03-13 15:28:26.625 [TestNG-PoolService-1] CRM_LoginPage - Current Step ::Closing environment
[INFO ] 2021-03-13 15:44:51.486 [main] CRM_LoginPage - Current Step ::Setting Up environment
[DEBUG] 2021-03-13 15:44:57.766 [main] CRM_LoginPage - Current Step ::Clicking on About Us Link
[INFO ] 2021-03-13 15:44:57.794 [main] CRM_LoginPage - Current Step ::Closing environment
[INFO ] 2021-03-13 15:44:58.604 [main] CRM_LoginPage - Current Step ::Setting Up environment
[INFO ] 2021-03-13 15:45:08.394 [main] CRM_LoginPage - Current Step ::Clicking On SignUp Link 
[INFO ] 2021-03-13 15:45:08.396 [main] CRM_LoginPage - Current Step ::Closing environment
[INFO ] 2021-03-13 15:45:09.221 [main] CRM_LoginPage - Current Step ::Setting Up environment
[DEBUG] 2021-03-13 15:45:14.153 [main] CRM_LoginPage - Current Step ::Storing all CRM DropDown Elements To List And Comparing
[INFO ] 2021-03-13 15:45:14.155 [main] CRM_LoginPage - Current Step ::Closing environment
[INFO ] 2021-03-13 15:45:14.970 [main] CRM_LoginPage - Current Step ::Setting Up environment
[DEBUG] 2021-03-13 15:45:20.392 [main] CRM_LoginPage - Current Step ::Storing all App DropDown Elements To List And Comparing
[INFO ] 2021-03-13 15:45:20.395 [main] CRM_LoginPage - Current Step ::Closing environment
[INFO ] 2021-03-13 15:45:21.260 [main] CRM_LoginPage - Current Step ::Setting Up environment
[DEBUG] 2021-03-13 15:45:27.038 [main] CRM_LoginPage - Current Step ::Storing all App DropDown Elements To List And Comparing
[INFO ] 2021-03-13 15:45:27.039 [main] CRM_LoginPage - Current Step ::Closing environment
[INFO ] 2021-03-13 15:45:27.904 [main] CRM_LoginPage - Current Step ::Setting Up environment
[DEBUG] 2021-03-13 15:45:38.501 [main] CRM_LoginPage - Current Step ::Storing all App DropDown Elements To List And Comparing
[INFO ] 2021-03-13 15:45:38.502 [main] CRM_LoginPage - Current Step ::Closing environment
[INFO ] 2021-03-13 15:45:39.847 [main] CRM_LoginPage - Current Step ::Setting Up environment
[INFO ] 2021-03-13 15:45:44.830 [main] CRM_LoginPage - Current Step ::Closing environment
[INFO ] 2021-03-13 15:45:45.688 [main] CRM_LoginPage - Current Step ::Setting Up environment
[INFO ] 2021-03-13 15:45:51.158 [main] CRM_LoginPage - Current Step ::Closing environment
[INFO ] 2021-03-13 15:45:51.964 [TestNG-PoolService-2] CRM_LoginPage - Current Step ::Setting Up environment
[INFO ] 2021-03-13 15:45:51.964 [TestNG-PoolService-0] CRM_LoginPage - Current Step ::Setting Up environment
[INFO ] 2021-03-13 15:45:51.964 [TestNG-PoolService-1] CRM_LoginPage - Current Step ::Setting Up environment
[INFO ] 2021-03-13 15:46:05.229 [TestNG-PoolService-1] CRM_LoginPage - Current Step ::Navigating To LogIn Page
[INFO ] 2021-03-13 15:46:05.231 [TestNG-PoolService-1] CRM_LoginPage - Current Step ::Closing environment
[INFO ] 2021-03-13 15:46:06.654 [TestNG-PoolService-2] CRM_LoginPage - Current Step ::Navigating To LogIn Page
[INFO ] 2021-03-13 15:46:06.655 [TestNG-PoolService-2] CRM_LoginPage - Current Step ::Closing environment
[INFO ] 2021-03-13 15:46:07.615 [TestNG-PoolService-0] CRM_LoginPage - Current Step ::Navigating To LogIn Page
[INFO ] 2021-03-13 15:46:07.615 [TestNG-PoolService-0] CRM_LoginPage - Current Step ::Closing environment
[INFO ] 2021-03-13 15:46:10.252 [main] CRM_LoginPage - Current Step ::Setting Up environment
[INFO ] 2021-03-13 15:46:16.316 [main] CRM_LoginPage - Current Step ::Navigating To LogIn Page
[INFO ] 2021-03-13 15:46:16.319 [main] CRM_LoginPage - Current Step ::Closing environment
[INFO ] 2021-03-13 16:22:20.879 [main] CRM_LoginPage - Current Step ::Setting Up environment
[DEBUG] 2021-03-13 16:22:27.780 [main] CRM_LoginPage - Current Step ::Clicking on About Us Link
[INFO ] 2021-03-13 16:22:27.893 [main] CRM_LoginPage - Current Step ::Closing environment
[INFO ] 2021-03-13 16:22:28.960 [main] CRM_LoginPage - Current Step ::Setting Up environment
[INFO ] 2021-03-13 16:22:34.206 [main] CRM_LoginPage - Current Step ::Clicking On SignUp Link 
[INFO ] 2021-03-13 16:22:34.208 [main] CRM_LoginPage - Current Step ::Closing environment
[INFO ] 2021-03-13 16:22:35.070 [main] CRM_LoginPage - Current Step ::Setting Up environment
[DEBUG] 2021-03-13 16:22:40.406 [main] CRM_LoginPage - Current Step ::Storing all CRM DropDown Elements To List And Comparing
[INFO ] 2021-03-13 16:22:40.408 [main] CRM_LoginPage - Current Step ::Closing environment
[INFO ] 2021-03-13 16:22:41.218 [main] CRM_LoginPage - Current Step ::Setting Up environment
[DEBUG] 2021-03-13 16:22:46.230 [main] CRM_LoginPage - Current Step ::Storing all App DropDown Elements To List And Comparing
[INFO ] 2021-03-13 16:22:46.232 [main] CRM_LoginPage - Current Step ::Closing environment
[INFO ] 2021-03-13 16:22:47.062 [main] CRM_LoginPage - Current Step ::Setting Up environment
[DEBUG] 2021-03-13 16:22:56.568 [main] CRM_LoginPage - Current Step ::Storing all App DropDown Elements To List And Comparing
[INFO ] 2021-03-13 16:22:56.569 [main] CRM_LoginPage - Current Step ::Closing environment
[INFO ] 2021-03-13 16:22:58.149 [main] CRM_LoginPage - Current Step ::Setting Up environment
[DEBUG] 2021-03-13 16:23:03.292 [main] CRM_LoginPage - Current Step ::Storing all App DropDown Elements To List And Comparing
[INFO ] 2021-03-13 16:23:03.292 [main] CRM_LoginPage - Current Step ::Closing environment
[INFO ] 2021-03-13 16:23:04.164 [main] CRM_LoginPage - Current Step ::Setting Up environment
[INFO ] 2021-03-13 16:23:09.730 [main] CRM_LoginPage - Current Step ::Closing environment
[INFO ] 2021-03-13 16:23:10.524 [main] CRM_LoginPage - Current Step ::Setting Up environment
[INFO ] 2021-03-13 16:23:15.680 [main] CRM_LoginPage - Current Step ::Closing environment
[INFO ] 2021-03-13 16:23:16.614 [TestNG-PoolService-0] CRM_LoginPage - Current Step ::Setting Up environment
[INFO ] 2021-03-13 16:23:16.614 [TestNG-PoolService-2] CRM_LoginPage - Current Step ::Setting Up environment
[INFO ] 2021-03-13 16:23:16.614 [TestNG-PoolService-1] CRM_LoginPage - Current Step ::Setting Up environment
[INFO ] 2021-03-13 16:23:28.185 [TestNG-PoolService-1] CRM_LoginPage - Current Step ::Navigating To LogIn Page
[INFO ] 2021-03-13 16:23:28.188 [TestNG-PoolService-1] CRM_LoginPage - Current Step ::Closing environment
[INFO ] 2021-03-13 16:23:28.215 [TestNG-PoolService-2] CRM_LoginPage - Current Step ::Navigating To LogIn Page
[INFO ] 2021-03-13 16:23:28.216 [TestNG-PoolService-2] CRM_LoginPage - Current Step ::Closing environment
[INFO ] 2021-03-13 16:23:28.408 [TestNG-PoolService-0] CRM_LoginPage - Current Step ::Navigating To LogIn Page
[INFO ] 2021-03-13 16:23:28.409 [TestNG-PoolService-0] CRM_LoginPage - Current Step ::Closing environment
[INFO ] 2021-03-13 16:23:29.523 [main] CRM_LoginPage - Current Step ::Setting Up environment
[INFO ] 2021-03-13 16:23:34.994 [main] CRM_LoginPage - Current Step ::Navigating To LogIn Page
[INFO ] 2021-03-13 16:23:34.995 [main] CRM_LoginPage - Current Step ::Closing environment
[INFO ] 2021-03-13 16:42:27.211 [TestNG-test=FreeCRM_Automation-3] CRM_LoginPage - Current Step ::Setting Up environment
[INFO ] 2021-03-13 16:42:27.211 [TestNG-test=FreeCRM_Automation-2] CRM_LoginPage - Current Step ::Setting Up environment
[INFO ] 2021-03-13 16:42:27.211 [TestNG-test=FreeCRM_Automation-1] CRM_LoginPage - Current Step ::Setting Up environment
[INFO ] 2021-03-13 16:42:42.471 [TestNG-test=FreeCRM_Automation-2] CRM_LoginPage - Current Step ::Clicking On SignUp Link 
[DEBUG] 2021-03-13 16:42:42.508 [TestNG-test=FreeCRM_Automation-3] CRM_LoginPage - Current Step ::Storing all CRM DropDown Elements To List And Comparing
[DEBUG] 2021-03-13 16:42:46.679 [TestNG-test=FreeCRM_Automation-1] CRM_LoginPage - Current Step ::Clicking on About Us Link
[INFO ] 2021-03-13 16:42:48.603 [TestNG-test=FreeCRM_Automation-1] CRM_LoginPage - Current Step ::Closing environment
[INFO ] 2021-03-13 16:42:52.799 [TestNG-test=FreeCRM_Automation-1] CRM_LoginPage - Current Step ::Setting Up environment
[INFO ] 2021-03-13 16:42:53.185 [TestNG-test=FreeCRM_Automation-3] CRM_LoginPage - Current Step ::Closing environment
[INFO ] 2021-03-13 16:42:55.435 [TestNG-test=FreeCRM_Automation-2] CRM_LoginPage - Current Step ::Closing environment
[INFO ] 2021-03-13 16:42:58.142 [TestNG-test=FreeCRM_Automation-3] CRM_LoginPage - Current Step ::Setting Up environment
[INFO ] 2021-03-13 16:43:03.959 [TestNG-test=FreeCRM_Automation-2] CRM_LoginPage - Current Step ::Setting Up environment
[INFO ] 2021-03-13 16:44:21.295 [TestNG-test=FreeCRM_Automation-1] CRM_LoginPage - Current Step ::Setting Up environment
[INFO ] 2021-03-13 16:44:21.295 [TestNG-test=FreeCRM_Automation-2] CRM_LoginPage - Current Step ::Setting Up environment
[INFO ] 2021-03-13 16:44:21.295 [TestNG-test=FreeCRM_Automation-3] CRM_LoginPage - Current Step ::Setting Up environment
[DEBUG] 2021-03-13 16:44:35.358 [TestNG-test=FreeCRM_Automation-1] CRM_LoginPage - Current Step ::Clicking on About Us Link
[DEBUG] 2021-03-13 16:44:35.605 [TestNG-test=FreeCRM_Automation-3] CRM_LoginPage - Current Step ::Storing all CRM DropDown Elements To List And Comparing
[INFO ] 2021-03-13 16:44:36.237 [TestNG-test=FreeCRM_Automation-2] CRM_LoginPage - Current Step ::Clicking On SignUp Link 
[INFO ] 2021-03-13 16:44:36.491 [TestNG-test=FreeCRM_Automation-3] CRM_LoginPage - Current Step ::Closing environment
[INFO ] 2021-03-13 16:44:37.252 [TestNG-test=FreeCRM_Automation-1] CRM_LoginPage - Current Step ::Closing environment
[INFO ] 2021-03-13 16:44:37.790 [TestNG-test=FreeCRM_Automation-3] CRM_LoginPage - Current Step ::Setting Up environment
[INFO ] 2021-03-13 16:44:38.523 [TestNG-test=FreeCRM_Automation-1] CRM_LoginPage - Current Step ::Setting Up environment
[INFO ] 2021-03-13 16:44:40.887 [TestNG-test=FreeCRM_Automation-2] CRM_LoginPage - Current Step ::Closing environment
[INFO ] 2021-03-13 16:44:43.093 [TestNG-test=FreeCRM_Automation-2] CRM_LoginPage - Current Step ::Setting Up environment
[DEBUG] 2021-03-13 16:44:48.506 [TestNG-test=FreeCRM_Automation-3] CRM_LoginPage - Current Step ::Storing all App DropDown Elements To List And Comparing
[INFO ] 2021-03-13 16:44:49.705 [TestNG-test=FreeCRM_Automation-3] CRM_LoginPage - Current Step ::Closing environment
[DEBUG] 2021-03-13 16:44:49.910 [TestNG-test=FreeCRM_Automation-1] CRM_LoginPage - Current Step ::Storing all App DropDown Elements To List And Comparing
[INFO ] 2021-03-13 16:44:50.820 [TestNG-test=FreeCRM_Automation-1] CRM_LoginPage - Current Step ::Closing environment
[INFO ] 2021-03-13 16:44:51.049 [TestNG-test=FreeCRM_Automation-3] CRM_LoginPage - Current Step ::Setting Up environment
[INFO ] 2021-03-13 16:44:51.861 [TestNG-test=FreeCRM_Automation-1] CRM_LoginPage - Current Step ::Setting Up environment
[DEBUG] 2021-03-13 16:44:53.554 [TestNG-test=FreeCRM_Automation-2] CRM_LoginPage - Current Step ::Storing all App DropDown Elements To List And Comparing
[INFO ] 2021-03-13 16:44:55.268 [TestNG-test=FreeCRM_Automation-2] CRM_LoginPage - Current Step ::Closing environment
[INFO ] 2021-03-13 16:44:56.679 [TestNG-PoolService-1] CRM_LoginPage - Current Step ::Setting Up environment
[INFO ] 2021-03-13 16:44:56.679 [TestNG-PoolService-2] CRM_LoginPage - Current Step ::Setting Up environment
[INFO ] 2021-03-13 16:44:56.681 [TestNG-PoolService-0] CRM_LoginPage - Current Step ::Setting Up environment
[DEBUG] 2021-03-13 16:45:02.034 [TestNG-test=FreeCRM_Automation-1] CRM_LoginPage - Current Step ::Clicking On SupportUs Link
[DEBUG] 2021-03-13 16:45:02.244 [TestNG-test=FreeCRM_Automation-3] CRM_LoginPage - Current Step ::Clicking On Zoom Link
[INFO ] 2021-03-13 16:45:11.724 [TestNG-PoolService-2] CRM_LoginPage - Current Step ::Navigating To LogIn Page
[INFO ] 2021-03-13 16:45:12.854 [TestNG-PoolService-0] CRM_LoginPage - Current Step ::Navigating To LogIn Page
[INFO ] 2021-03-13 16:45:13.046 [TestNG-PoolService-1] CRM_LoginPage - Current Step ::Navigating To LogIn Page
[INFO ] 2021-03-13 16:45:23.360 [TestNG-test=FreeCRM_Automation-3] CRM_LoginPage - Current Step ::Closing environment
[INFO ] 2021-03-13 16:45:24.621 [TestNG-test=FreeCRM_Automation-3] CRM_LoginPage - Current Step ::Setting Up environment
[DEBUG] 2021-03-13 16:45:29.577 [TestNG-PoolService-2] CRM_LoginPage - Current Step ::Entering UserName
[DEBUG] 2021-03-13 16:45:29.955 [TestNG-PoolService-2] CRM_LoginPage - Current Step ::Entering Password
[INFO ] 2021-03-13 16:45:31.949 [TestNG-PoolService-2] CRM_LoginPage - Current Step ::Closing environment
[DEBUG] 2021-03-13 16:45:32.569 [TestNG-PoolService-1] CRM_LoginPage - Current Step ::Entering UserName
[DEBUG] 2021-03-13 16:45:32.707 [TestNG-PoolService-1] CRM_LoginPage - Current Step ::Entering Password
[INFO ] 2021-03-13 16:45:33.150 [TestNG-test=FreeCRM_Automation-1] CRM_LoginPage - Current Step ::Closing environment
[INFO ] 2021-03-13 16:45:34.088 [TestNG-PoolService-0] CRM_LoginPage - Current Step ::Closing environment
[INFO ] 2021-03-13 16:45:44.721 [TestNG-test=FreeCRM_Automation-3] CRM_LoginPage - Current Step ::Navigating To LogIn Page
[INFO ] 2021-03-13 16:45:53.907 [TestNG-PoolService-1] CRM_LoginPage - Current Step ::Closing environment
[INFO ] 2021-03-13 16:46:24.500 [TestNG-test=FreeCRM_Automation-3] CRM_LoginPage - Current Step ::Closing environment
[INFO ] 2021-03-13 16:47:47.454 [main] CRM_LoginPage - Current Step ::Setting Up environment
[DEBUG] 2021-03-13 16:47:53.287 [main] CRM_LoginPage - Current Step ::Storing all App DropDown Elements To List And Comparing
[INFO ] 2021-03-13 16:47:53.299 [main] CRM_LoginPage - Current Step ::Closing environment
[INFO ] 2021-03-13 16:47:54.192 [main] CRM_LoginPage - Current Step ::Setting Up environment
[DEBUG] 2021-03-13 16:47:59.108 [main] CRM_LoginPage - Current Step ::Storing all App DropDown Elements To List And Comparing
[INFO ] 2021-03-13 16:47:59.109 [main] CRM_LoginPage - Current Step ::Closing environment
[INFO ] 2021-03-13 16:48:00.035 [main] CRM_LoginPage - Current Step ::Setting Up environment
[INFO ] 2021-03-13 16:48:05.671 [main] CRM_LoginPage - Current Step ::Closing environment
[INFO ] 2021-03-13 16:48:06.569 [main] CRM_LoginPage - Current Step ::Setting Up environment
[INFO ] 2021-03-13 16:48:11.546 [main] CRM_LoginPage - Current Step ::Closing environment
[INFO ] 2021-03-13 16:48:12.422 [TestNG-PoolService-1] CRM_LoginPage - Current Step ::Setting Up environment
[INFO ] 2021-03-13 16:48:12.422 [TestNG-PoolService-0] CRM_LoginPage - Current Step ::Setting Up environment
[INFO ] 2021-03-13 16:48:18.567 [TestNG-PoolService-1] CRM_LoginPage - Current Step ::Navigating To LogIn Page
[INFO ] 2021-03-13 16:48:18.571 [TestNG-PoolService-1] CRM_LoginPage - Current Step ::Closing environment
[INFO ] 2021-03-13 16:48:18.926 [TestNG-PoolService-0] CRM_LoginPage - Current Step ::Navigating To LogIn Page
[INFO ] 2021-03-13 16:48:18.927 [TestNG-PoolService-0] CRM_LoginPage - Current Step ::Closing environment
[INFO ] 2021-03-13 16:48:19.835 [main] CRM_LoginPage - Current Step ::Setting Up environment
[INFO ] 2021-03-13 16:48:25.702 [main] CRM_LoginPage - Current Step ::Navigating To LogIn Page
[INFO ] 2021-03-13 16:48:25.704 [main] CRM_LoginPage - Current Step ::Closing environment
[INFO ] 2021-03-13 16:49:01.447 [main] CRM_LoginPage - Current Step ::Setting Up environment
[DEBUG] 2021-03-13 16:49:07.123 [main] CRM_LoginPage - Current Step ::Storing all App DropDown Elements To List And Comparing
[INFO ] 2021-03-13 16:49:07.134 [main] CRM_LoginPage - Current Step ::Closing environment
[INFO ] 2021-03-13 16:49:08.002 [main] CRM_LoginPage - Current Step ::Setting Up environment
[INFO ] 2021-03-13 16:49:27.770 [TestNG-test=FreeCRM_Automation-3] CRM_LoginPage - Current Step ::Setting Up environment
[INFO ] 2021-03-13 16:49:27.770 [TestNG-test=FreeCRM_Automation-1] CRM_LoginPage - Current Step ::Setting Up environment
[INFO ] 2021-03-13 16:49:27.770 [TestNG-test=FreeCRM_Automation-2] CRM_LoginPage - Current Step ::Setting Up environment
[DEBUG] 2021-03-13 16:49:39.170 [TestNG-test=FreeCRM_Automation-1] CRM_LoginPage - Current Step ::Clicking on About Us Link
[DEBUG] 2021-03-13 16:49:39.452 [TestNG-test=FreeCRM_Automation-3] CRM_LoginPage - Current Step ::Storing all CRM DropDown Elements To List And Comparing
[INFO ] 2021-03-13 16:49:39.673 [TestNG-test=FreeCRM_Automation-2] CRM_LoginPage - Current Step ::Clicking On SignUp Link 
[INFO ] 2021-03-13 16:49:39.810 [TestNG-test=FreeCRM_Automation-3] CRM_LoginPage - Current Step ::Closing environment
[INFO ] 2021-03-13 16:49:40.788 [TestNG-test=FreeCRM_Automation-1] CRM_LoginPage - Current Step ::Closing environment
[INFO ] 2021-03-13 16:49:41.593 [TestNG-test=FreeCRM_Automation-3] CRM_LoginPage - Current Step ::Setting Up environment
[INFO ] 2021-03-13 16:49:41.811 [TestNG-test=FreeCRM_Automation-1] CRM_LoginPage - Current Step ::Setting Up environment
[INFO ] 2021-03-13 16:49:43.129 [TestNG-test=FreeCRM_Automation-2] CRM_LoginPage - Current Step ::Closing environment
[INFO ] 2021-03-13 16:49:45.038 [TestNG-test=FreeCRM_Automation-2] CRM_LoginPage - Current Step ::Setting Up environment
[DEBUG] 2021-03-13 16:49:52.538 [TestNG-test=FreeCRM_Automation-3] CRM_LoginPage - Current Step ::Storing all App DropDown Elements To List And Comparing
[INFO ] 2021-03-13 16:49:52.724 [TestNG-test=FreeCRM_Automation-3] CRM_LoginPage - Current Step ::Closing environment
[DEBUG] 2021-03-13 16:49:52.907 [TestNG-test=FreeCRM_Automation-1] CRM_LoginPage - Current Step ::Storing all App DropDown Elements To List And Comparing
[DEBUG] 2021-03-13 16:49:53.079 [TestNG-test=FreeCRM_Automation-1] CRM_LoginPage - Current Step ::Clicking on Apps Toggle
[DEBUG] 2021-03-13 16:49:53.165 [TestNG-test=FreeCRM_Automation-1] CRM_LoginPage - Current Step ::Clicking On Android
[INFO ] 2021-03-13 16:49:53.582 [TestNG-test=FreeCRM_Automation-3] CRM_LoginPage - Current Step ::Setting Up environment
[INFO ] 2021-03-13 16:49:54.346 [TestNG-test=FreeCRM_Automation-1] CRM_LoginPage - Current Step ::Closing environment
[DEBUG] 2021-03-13 16:49:55.864 [TestNG-test=FreeCRM_Automation-2] CRM_LoginPage - Current Step ::Storing all App DropDown Elements To List And Comparing
[INFO ] 2021-03-13 16:49:57.057 [TestNG-test=FreeCRM_Automation-2] CRM_LoginPage - Current Step ::Closing environment
[INFO ] 2021-03-13 16:49:57.906 [TestNG-test=FreeCRM_Automation-2] CRM_LoginPage - Current Step ::Setting Up environment
[INFO ] 2021-03-13 16:49:58.031 [TestNG-PoolService-1] CRM_LoginPage - Current Step ::Setting Up environment
[INFO ] 2021-03-13 16:49:58.031 [TestNG-PoolService-2] CRM_LoginPage - Current Step ::Setting Up environment
[INFO ] 2021-03-13 16:49:58.032 [TestNG-PoolService-0] CRM_LoginPage - Current Step ::Setting Up environment
[DEBUG] 2021-03-13 16:50:04.477 [TestNG-test=FreeCRM_Automation-3] CRM_LoginPage - Current Step ::Clicking On Zoom Link
[INFO ] 2021-03-13 16:50:11.244 [TestNG-PoolService-1] CRM_LoginPage - Current Step ::Navigating To LogIn Page
[INFO ] 2021-03-13 16:50:12.018 [TestNG-PoolService-0] CRM_LoginPage - Current Step ::Navigating To LogIn Page
[INFO ] 2021-03-13 16:50:12.537 [TestNG-PoolService-2] CRM_LoginPage - Current Step ::Navigating To LogIn Page
[DEBUG] 2021-03-13 16:50:12.621 [TestNG-test=FreeCRM_Automation-2] CRM_LoginPage - Current Step ::Clicking On SupportUs Link
[INFO ] 2021-03-13 16:50:25.935 [TestNG-test=FreeCRM_Automation-3] CRM_LoginPage - Current Step ::Closing environment
[INFO ] 2021-03-13 16:50:27.019 [TestNG-test=FreeCRM_Automation-3] CRM_LoginPage - Current Step ::Setting Up environment
[DEBUG] 2021-03-13 16:50:28.280 [TestNG-PoolService-1] CRM_LoginPage - Current Step ::Entering UserName
[DEBUG] 2021-03-13 16:50:28.402 [TestNG-PoolService-1] CRM_LoginPage - Current Step ::Entering Password
[DEBUG] 2021-03-13 16:50:30.725 [TestNG-PoolService-0] CRM_LoginPage - Current Step ::Entering UserName
[DEBUG] 2021-03-13 16:50:30.887 [TestNG-PoolService-0] CRM_LoginPage - Current Step ::Entering Password
[DEBUG] 2021-03-13 16:50:32.171 [TestNG-PoolService-2] CRM_LoginPage - Current Step ::Entering UserName
[DEBUG] 2021-03-13 16:50:32.363 [TestNG-PoolService-2] CRM_LoginPage - Current Step ::Entering Password
[INFO ] 2021-03-13 16:50:33.100 [TestNG-test=FreeCRM_Automation-2] CRM_LoginPage - Current Step ::Closing environment
[INFO ] 2021-03-13 16:50:33.962 [TestNG-PoolService-2] CRM_LoginPage - Current Step ::Closing environment
[INFO ] 2021-03-13 16:50:49.479 [TestNG-PoolService-1] CRM_LoginPage - Current Step ::Closing environment
[INFO ] 2021-03-13 16:52:09.761 [TestNG-test=FreeCRM_Automation-2] CRM_LoginPage - Current Step ::Setting Up environment
[INFO ] 2021-03-13 16:52:09.761 [TestNG-test=FreeCRM_Automation-1] CRM_LoginPage - Current Step ::Setting Up environment
[INFO ] 2021-03-13 16:52:20.299 [TestNG-test=FreeCRM_Automation-2] CRM_LoginPage - Current Step ::Clicking On SignUp Link 
[DEBUG] 2021-03-13 16:52:20.465 [TestNG-test=FreeCRM_Automation-1] CRM_LoginPage - Current Step ::Clicking on About Us Link
[INFO ] 2021-03-13 16:52:21.807 [TestNG-test=FreeCRM_Automation-1] CRM_LoginPage - Current Step ::Closing environment
[INFO ] 2021-03-13 16:52:23.054 [TestNG-test=FreeCRM_Automation-1] CRM_LoginPage - Current Step ::Setting Up environment
[INFO ] 2021-03-13 16:52:23.248 [TestNG-test=FreeCRM_Automation-2] CRM_LoginPage - Current Step ::Closing environment
[INFO ] 2021-03-13 16:52:24.267 [TestNG-test=FreeCRM_Automation-2] CRM_LoginPage - Current Step ::Setting Up environment
[DEBUG] 2021-03-13 16:52:33.585 [TestNG-test=FreeCRM_Automation-1] CRM_LoginPage - Current Step ::Storing all CRM DropDown Elements To List And Comparing
[INFO ] 2021-03-13 16:52:33.914 [TestNG-test=FreeCRM_Automation-1] CRM_LoginPage - Current Step ::Closing environment
[DEBUG] 2021-03-13 16:52:34.145 [TestNG-test=FreeCRM_Automation-2] CRM_LoginPage - Current Step ::Storing all App DropDown Elements To List And Comparing
[INFO ] 2021-03-13 16:52:34.305 [TestNG-test=FreeCRM_Automation-2] CRM_LoginPage - Current Step ::Closing environment
[INFO ] 2021-03-13 16:52:35.181 [TestNG-test=FreeCRM_Automation-2] CRM_LoginPage - Current Step ::Setting Up environment
[INFO ] 2021-03-13 16:52:35.227 [TestNG-test=FreeCRM_Automation-1] CRM_LoginPage - Current Step ::Setting Up environment
[DEBUG] 2021-03-13 16:52:44.924 [TestNG-test=FreeCRM_Automation-1] CRM_LoginPage - Current Step ::Storing all App DropDown Elements To List And Comparing
[DEBUG] 2021-03-13 16:52:45.166 [TestNG-test=FreeCRM_Automation-2] CRM_LoginPage - Current Step ::Storing all App DropDown Elements To List And Comparing
[DEBUG] 2021-03-13 16:52:45.347 [TestNG-test=FreeCRM_Automation-2] CRM_LoginPage - Current Step ::Clicking on Apps Toggle
[DEBUG] 2021-03-13 16:52:45.417 [TestNG-test=FreeCRM_Automation-2] CRM_LoginPage - Current Step ::Clicking On Android
[INFO ] 2021-03-13 16:52:45.878 [TestNG-test=FreeCRM_Automation-1] CRM_LoginPage - Current Step ::Closing environment
[INFO ] 2021-03-13 16:52:46.456 [TestNG-test=FreeCRM_Automation-2] CRM_LoginPage - Current Step ::Closing environment
[INFO ] 2021-03-13 16:52:46.892 [TestNG-test=FreeCRM_Automation-1] CRM_LoginPage - Current Step ::Setting Up environment
[INFO ] 2021-03-13 16:52:47.297 [TestNG-test=FreeCRM_Automation-2] CRM_LoginPage - Current Step ::Setting Up environment
[DEBUG] 2021-03-13 16:52:56.904 [TestNG-test=FreeCRM_Automation-2] CRM_LoginPage - Current Step ::Clicking On SupportUs Link
[DEBUG] 2021-03-13 16:52:56.985 [TestNG-test=FreeCRM_Automation-1] CRM_LoginPage - Current Step ::Clicking On Zoom Link
[INFO ] 2021-03-13 16:53:02.610 [TestNG-test=FreeCRM_Automation-2] CRM_LoginPage - Current Step ::Closing environment
[INFO ] 2021-03-13 16:53:03.446 [TestNG-PoolService-2] CRM_LoginPage - Current Step ::Setting Up environment
[INFO ] 2021-03-13 16:53:03.446 [TestNG-PoolService-1] CRM_LoginPage - Current Step ::Setting Up environment
[INFO ] 2021-03-13 16:53:03.447 [TestNG-PoolService-0] CRM_LoginPage - Current Step ::Setting Up environment
[INFO ] 2021-03-13 16:53:15.490 [TestNG-PoolService-1] CRM_LoginPage - Current Step ::Navigating To LogIn Page
[INFO ] 2021-03-13 16:53:17.330 [TestNG-PoolService-0] CRM_LoginPage - Current Step ::Navigating To LogIn Page
[INFO ] 2021-03-13 16:53:18.166 [TestNG-PoolService-2] CRM_LoginPage - Current Step ::Navigating To LogIn Page
[INFO ] 2021-03-13 16:53:18.666 [TestNG-test=FreeCRM_Automation-1] CRM_LoginPage - Current Step ::Closing environment
[INFO ] 2021-03-13 16:53:20.169 [TestNG-test=FreeCRM_Automation-1] CRM_LoginPage - Current Step ::Setting Up environment
[DEBUG] 2021-03-13 16:53:23.028 [TestNG-PoolService-1] CRM_LoginPage - Current Step ::Entering UserName
[DEBUG] 2021-03-13 16:53:23.047 [TestNG-PoolService-0] CRM_LoginPage - Current Step ::Entering UserName
[DEBUG] 2021-03-13 16:53:23.155 [TestNG-PoolService-1] CRM_LoginPage - Current Step ::Entering Password
[DEBUG] 2021-03-13 16:53:23.196 [TestNG-PoolService-0] CRM_LoginPage - Current Step ::Entering Password
[DEBUG] 2021-03-13 16:53:24.706 [TestNG-PoolService-2] CRM_LoginPage - Current Step ::Entering UserName
[DEBUG] 2021-03-13 16:53:25.114 [TestNG-PoolService-2] CRM_LoginPage - Current Step ::Entering Password
[INFO ] 2021-03-13 16:53:26.796 [TestNG-PoolService-2] CRM_LoginPage - Current Step ::Closing environment
[INFO ] 2021-03-13 16:53:27.377 [TestNG-test=FreeCRM_Automation-1] CRM_LoginPage - Current Step ::Navigating To LogIn Page
[INFO ] 2021-03-13 16:53:34.588 [TestNG-test=FreeCRM_Automation-1] CRM_LoginPage - Current Step ::Checking Login Page Elements loaded or Not
[INFO ] 2021-03-13 16:53:34.823 [TestNG-test=FreeCRM_Automation-1] CRM_LoginPage - Current Step ::Closing environment
[INFO ] 2021-03-13 16:53:44.562 [TestNG-PoolService-1] CRM_LoginPage - Current Step ::Closing environment
[INFO ] 2021-03-13 16:53:44.562 [TestNG-PoolService-0] CRM_LoginPage - Current Step ::Closing environment
[INFO ] 2021-03-13 23:09:19.826 [main] CRM_LoginPage - Current Step ::Setting Up environment
[DEBUG] 2021-03-13 23:09:32.115 [main] CRM_LoginPage - Current Step ::Clicking on About Us Link
[INFO ] 2021-03-13 23:09:32.179 [main] CRM_LoginPage - Current Step ::Closing environment
[INFO ] 2021-03-13 23:09:33.453 [main] CRM_LoginPage - Current Step ::Setting Up environment
[INFO ] 2021-03-13 23:09:38.520 [main] CRM_LoginPage - Current Step ::Clicking On SignUp Link 
[INFO ] 2021-03-13 23:09:38.520 [main] CRM_LoginPage - Current Step ::Closing environment
[INFO ] 2021-03-13 23:09:39.625 [main] CRM_LoginPage - Current Step ::Setting Up environment
[DEBUG] 2021-03-13 23:09:46.171 [main] CRM_LoginPage - Current Step ::Storing all CRM DropDown Elements To List And Comparing
[INFO ] 2021-03-13 23:09:46.171 [main] CRM_LoginPage - Current Step ::Closing environment
[INFO ] 2021-03-13 23:09:46.986 [main] CRM_LoginPage - Current Step ::Setting Up environment
[DEBUG] 2021-03-13 23:09:51.915 [main] CRM_LoginPage - Current Step ::Storing all App DropDown Elements To List And Comparing
[INFO ] 2021-03-13 23:09:51.915 [main] CRM_LoginPage - Current Step ::Closing environment
[INFO ] 2021-03-13 23:09:52.732 [main] CRM_LoginPage - Current Step ::Setting Up environment
[DEBUG] 2021-03-13 23:09:58.283 [main] CRM_LoginPage - Current Step ::Storing all App DropDown Elements To List And Comparing
[INFO ] 2021-03-13 23:09:58.283 [main] CRM_LoginPage - Current Step ::Closing environment
[INFO ] 2021-03-13 23:09:59.080 [main] CRM_LoginPage - Current Step ::Setting Up environment
[DEBUG] 2021-03-13 23:10:05.918 [main] CRM_LoginPage - Current Step ::Storing all App DropDown Elements To List And Comparing
[INFO ] 2021-03-13 23:10:05.918 [main] CRM_LoginPage - Current Step ::Closing environment
[INFO ] 2021-03-13 23:10:06.697 [main] CRM_LoginPage - Current Step ::Setting Up environment
[INFO ] 2021-03-13 23:10:12.429 [main] CRM_LoginPage - Current Step ::Closing environment
[INFO ] 2021-03-13 23:10:13.217 [main] CRM_LoginPage - Current Step ::Setting Up environment
[INFO ] 2021-03-13 23:10:18.758 [main] CRM_LoginPage - Current Step ::Closing environment
[INFO ] 2021-03-13 23:10:19.562 [TestNG-PoolService-0] CRM_LoginPage - Current Step ::Setting Up environment
[INFO ] 2021-03-13 23:10:19.562 [TestNG-PoolService-2] CRM_LoginPage - Current Step ::Setting Up environment
[INFO ] 2021-03-13 23:10:19.562 [TestNG-PoolService-1] CRM_LoginPage - Current Step ::Setting Up environment
[INFO ] 2021-03-13 23:10:31.120 [TestNG-PoolService-1] CRM_LoginPage - Current Step ::Navigating To LogIn Page
[INFO ] 2021-03-13 23:10:31.128 [TestNG-PoolService-1] CRM_LoginPage - Current Step ::Closing environment
